2023-02-10 00:20:48 [background-preinit] INFO  o.h.validator.internal.util.Version - HV000001: Hibernate Validator 6.2.5.Final
2023-02-10 00:20:48 [main] INFO  c.m.demo.config.server.ConfigServer - Starting ConfigServer using Java 11.0.17 on Franks-Air with PID 68690 (/Users/frankyiu/Documents/projects/javaworkspace/microservices-demo/config-server/target/classes started by frankyiu in /Users/frankyiu/Documents/projects/javaworkspace/microservices-demo)
2023-02-10 00:20:48 [main] INFO  c.m.demo.config.server.ConfigServer - No active profile set, falling back to 1 default profile: "default"
2023-02-10 00:20:50 [main] INFO  o.s.cloud.context.scope.GenericScope - BeanFactory id=cef52e5f-2b72-3743-bd00-69694d83a014
2023-02-10 00:20:51 [main] INFO  o.s.b.w.e.tomcat.TomcatWebServer - Tomcat initialized with port(s): 8888 (http)
2023-02-10 00:20:51 [main] INFO  o.a.coyote.http11.Http11NioProtocol - Initializing ProtocolHandler ["http-nio-8888"]
2023-02-10 00:20:51 [main] INFO  o.a.catalina.core.StandardService - Starting service [Tomcat]
2023-02-10 00:20:51 [main] INFO  o.a.catalina.core.StandardEngine - Starting Servlet engine: [Apache Tomcat/9.0.71]
2023-02-10 00:20:51 [main] INFO  o.a.c.c.C.[Tomcat].[localhost].[/] - Initializing Spring embedded WebApplicationContext
2023-02-10 00:20:51 [main] INFO  o.s.b.w.s.c.ServletWebServerApplicationContext - Root WebApplicationContext: initialization completed in 3102 ms
2023-02-10 00:20:57 [main] INFO  o.a.coyote.http11.Http11NioProtocol - Starting ProtocolHandler ["http-nio-8888"]
2023-02-10 00:20:57 [main] INFO  o.s.b.w.e.tomcat.TomcatWebServer - Tomcat started on port(s): 8888 (http) with context path ''
2023-02-10 00:20:57 [main] INFO  c.m.demo.config.server.ConfigServer - Started ConfigServer in 11.212 seconds (JVM running for 12.258)
2023-02-10 00:22:37 [http-nio-8888-exec-1] INFO  o.a.c.c.C.[Tomcat].[localhost].[/] - Initializing Spring DispatcherServlet 'dispatcherServlet'
2023-02-10 00:22:37 [http-nio-8888-exec-1] INFO  o.s.web.servlet.DispatcherServlet - Initializing Servlet 'dispatcherServlet'
2023-02-10 00:22:37 [http-nio-8888-exec-1] INFO  o.s.web.servlet.DispatcherServlet - Completed initialization in 19 ms
2023-02-10 00:22:38 [http-nio-8888-exec-1] INFO  o.s.c.c.s.e.NativeEnvironmentRepository - Adding property source: Config resource 'file [/var/folders/g1/1w0smqzx7019hwzbncdy_k7r0000gn/T/config-repo-4382582906858567644/twitter_to_kafka-dev.yml]' via location 'file:/var/folders/g1/1w0smqzx7019hwzbncdy_k7r0000gn/T/config-repo-4382582906858567644/'
2023-02-10 00:22:41 [http-nio-8888-exec-2] INFO  o.s.c.c.s.e.NativeEnvironmentRepository - Adding property source: Config resource 'file [/var/folders/g1/1w0smqzx7019hwzbncdy_k7r0000gn/T/config-repo-4382582906858567644/twitter_to_kafka-dev.yml]' via location 'file:/var/folders/g1/1w0smqzx7019hwzbncdy_k7r0000gn/T/config-repo-4382582906858567644/'
2023-02-10 00:23:18 [http-nio-8888-exec-3] INFO  o.s.c.c.s.e.NativeEnvironmentRepository - Adding property source: Config resource 'file [/var/folders/g1/1w0smqzx7019hwzbncdy_k7r0000gn/T/config-repo-4382582906858567644/twitter_to_kafka-dev.yml]' via location 'file:/var/folders/g1/1w0smqzx7019hwzbncdy_k7r0000gn/T/config-repo-4382582906858567644/'
2023-02-10 20:48:43 [background-preinit] INFO  o.h.validator.internal.util.Version - HV000001: Hibernate Validator 6.2.5.Final
2023-02-10 20:48:43 [main] INFO  c.m.demo.config.server.ConfigServer - Starting ConfigServer using Java 11.0.17 on Franks-Air with PID 99308 (/Users/frankyiu/Documents/projects/javaworkspace/microservices-demo/config-server/target/classes started by frankyiu in /Users/frankyiu/Documents/projects/javaworkspace/microservices-demo)
2023-02-10 20:48:43 [main] INFO  c.m.demo.config.server.ConfigServer - No active profile set, falling back to 1 default profile: "default"
2023-02-10 20:48:43 [main] INFO  o.s.cloud.context.scope.GenericScope - BeanFactory id=4ffc8e1e-c211-3760-a09d-501bd6b6e307
2023-02-10 20:48:44 [main] INFO  o.s.b.w.e.tomcat.TomcatWebServer - Tomcat initialized with port(s): 8888 (http)
2023-02-10 20:48:44 [main] INFO  o.a.coyote.http11.Http11NioProtocol - Initializing ProtocolHandler ["http-nio-8888"]
2023-02-10 20:48:44 [main] INFO  o.a.catalina.core.StandardService - Starting service [Tomcat]
2023-02-10 20:48:44 [main] INFO  o.a.catalina.core.StandardEngine - Starting Servlet engine: [Apache Tomcat/9.0.71]
2023-02-10 20:48:44 [main] INFO  o.a.c.c.C.[Tomcat].[localhost].[/] - Initializing Spring embedded WebApplicationContext
2023-02-10 20:48:44 [main] INFO  o.s.b.w.s.c.ServletWebServerApplicationContext - Root WebApplicationContext: initialization completed in 924 ms
2023-02-10 20:48:44 [main] INFO  o.s.s.web.DefaultSecurityFilterChain - Will secure any request with [org.springframework.security.web.session.DisableEncodeUrlFilter@53dd42d6, org.springframework.security.web.context.request.async.WebAsyncManagerIntegrationFilter@1e76afeb, org.springframework.security.web.context.SecurityContextPersistenceFilter@756b2d90, org.springframework.security.web.header.HeaderWriterFilter@1d289d3f, org.springframework.security.web.csrf.CsrfFilter@5a05dd30, org.springframework.security.web.authentication.logout.LogoutFilter@31aab981, org.springframework.security.web.authentication.UsernamePasswordAuthenticationFilter@14efa279, org.springframework.security.web.authentication.ui.DefaultLoginPageGeneratingFilter@1b37fbec, org.springframework.security.web.authentication.ui.DefaultLogoutPageGeneratingFilter@447fa959, org.springframework.security.web.authentication.www.BasicAuthenticationFilter@2c2c3947, org.springframework.security.web.savedrequest.RequestCacheAwareFilter@6cc64028, org.springframework.security.web.servletapi.SecurityContextHolderAwareRequestFilter@291a4791, org.springframework.security.web.authentication.AnonymousAuthenticationFilter@3e4d40ea, org.springframework.security.web.session.SessionManagementFilter@7f27f59b, org.springframework.security.web.access.ExceptionTranslationFilter@44d7e24, org.springframework.security.web.access.intercept.FilterSecurityInterceptor@3c7b137a]
2023-02-10 20:48:46 [main] INFO  o.a.coyote.http11.Http11NioProtocol - Starting ProtocolHandler ["http-nio-8888"]
2023-02-10 20:48:46 [main] INFO  o.s.b.w.e.tomcat.TomcatWebServer - Tomcat started on port(s): 8888 (http) with context path ''
2023-02-10 20:48:46 [main] INFO  c.m.demo.config.server.ConfigServer - Started ConfigServer in 4.281 seconds (JVM running for 5.441)
2023-02-10 20:48:55 [http-nio-8888-exec-1] INFO  o.a.c.c.C.[Tomcat].[localhost].[/] - Initializing Spring DispatcherServlet 'dispatcherServlet'
2023-02-10 20:48:55 [http-nio-8888-exec-1] INFO  o.s.web.servlet.DispatcherServlet - Initializing Servlet 'dispatcherServlet'
2023-02-10 20:48:55 [http-nio-8888-exec-1] INFO  o.s.web.servlet.DispatcherServlet - Completed initialization in 2 ms
2023-02-10 21:43:09 [http-nio-8888-exec-6] INFO  o.s.c.c.s.e.NativeEnvironmentRepository - Adding property source: Config resource 'file [/var/folders/g1/1w0smqzx7019hwzbncdy_k7r0000gn/T/config-repo-11086334869571289540/twitter_to_kafka-dev.yml]' via location 'file:/var/folders/g1/1w0smqzx7019hwzbncdy_k7r0000gn/T/config-repo-11086334869571289540/'
2023-02-10 21:44:36 [http-nio-8888-exec-8] INFO  o.s.c.c.s.e.NativeEnvironmentRepository - Adding property source: Config resource 'file [/var/folders/g1/1w0smqzx7019hwzbncdy_k7r0000gn/T/config-repo-11086334869571289540/twitter_to_kafka-dev.yml]' via location 'file:/var/folders/g1/1w0smqzx7019hwzbncdy_k7r0000gn/T/config-repo-11086334869571289540/'
2023-02-10 21:45:53 [http-nio-8888-exec-10] INFO  o.s.c.c.s.e.NativeEnvironmentRepository - Adding property source: Config resource 'file [/var/folders/g1/1w0smqzx7019hwzbncdy_k7r0000gn/T/config-repo-11086334869571289540/twitter_to_kafka-dev.yml]' via location 'file:/var/folders/g1/1w0smqzx7019hwzbncdy_k7r0000gn/T/config-repo-11086334869571289540/'
2023-02-10 21:53:02 [main] ERROR o.s.boot.SpringApplication - Application run failed
java.lang.IllegalStateException: Cannot decrypt: key=spring.cloud.config.server.git.password
	at org.springframework.cloud.bootstrap.encrypt.AbstractEnvironmentDecrypt.decrypt(AbstractEnvironmentDecrypt.java:159)
	at org.springframework.cloud.bootstrap.encrypt.AbstractEnvironmentDecrypt.lambda$decrypt$0(AbstractEnvironmentDecrypt.java:137)
	at java.base/java.util.LinkedHashMap.replaceAll(LinkedHashMap.java:694)
	at org.springframework.cloud.bootstrap.encrypt.AbstractEnvironmentDecrypt.decrypt(AbstractEnvironmentDecrypt.java:132)
	at org.springframework.cloud.bootstrap.encrypt.AbstractEnvironmentDecrypt.decrypt(AbstractEnvironmentDecrypt.java:70)
	at org.springframework.cloud.bootstrap.encrypt.TextEncryptorUtils.decrypt(TextEncryptorUtils.java:52)
	at org.springframework.cloud.bootstrap.encrypt.DecryptEnvironmentPostProcessor.postProcessEnvironment(DecryptEnvironmentPostProcessor.java:66)
	at org.springframework.boot.env.EnvironmentPostProcessorApplicationListener.onApplicationEnvironmentPreparedEvent(EnvironmentPostProcessorApplicationListener.java:102)
	at org.springframework.boot.env.EnvironmentPostProcessorApplicationListener.onApplicationEvent(EnvironmentPostProcessorApplicationListener.java:87)
	at org.springframework.context.event.SimpleApplicationEventMulticaster.doInvokeListener(SimpleApplicationEventMulticaster.java:176)
	at org.springframework.context.event.SimpleApplicationEventMulticaster.invokeListener(SimpleApplicationEventMulticaster.java:169)
	at org.springframework.context.event.SimpleApplicationEventMulticaster.multicastEvent(SimpleApplicationEventMulticaster.java:143)
	at org.springframework.context.event.SimpleApplicationEventMulticaster.multicastEvent(SimpleApplicationEventMulticaster.java:131)
	at org.springframework.boot.context.event.EventPublishingRunListener.environmentPrepared(EventPublishingRunListener.java:85)
	at org.springframework.boot.SpringApplicationRunListeners.lambda$environmentPrepared$2(SpringApplicationRunListeners.java:66)
	at java.base/java.util.ArrayList.forEach(ArrayList.java:1541)
	at org.springframework.boot.SpringApplicationRunListeners.doWithListeners(SpringApplicationRunListeners.java:120)
	at org.springframework.boot.SpringApplicationRunListeners.doWithListeners(SpringApplicationRunListeners.java:114)
	at org.springframework.boot.SpringApplicationRunListeners.environmentPrepared(SpringApplicationRunListeners.java:65)
	at org.springframework.boot.SpringApplication.prepareEnvironment(SpringApplication.java:343)
	at org.springframework.boot.SpringApplication.run(SpringApplication.java:301)
	at org.springframework.boot.SpringApplication.run(SpringApplication.java:1303)
	at org.springframework.boot.SpringApplication.run(SpringApplication.java:1292)
	at com.microservices.demo.config.server.ConfigServer.main(ConfigServer.java:12)
Caused by: java.lang.UnsupportedOperationException: No decryption for FailsafeTextEncryptor. Did you configure the keystore correctly?
	at org.springframework.cloud.bootstrap.encrypt.TextEncryptorUtils$FailsafeTextEncryptor.decrypt(TextEncryptorUtils.java:188)
	at org.springframework.cloud.bootstrap.encrypt.AbstractEnvironmentDecrypt.decrypt(AbstractEnvironmentDecrypt.java:144)
	... 23 common frames omitted
2023-02-10 21:53:39 [background-preinit] INFO  o.h.validator.internal.util.Version - HV000001: Hibernate Validator 6.2.5.Final
2023-02-10 21:53:40 [main] INFO  c.m.demo.config.server.ConfigServer - Starting ConfigServer using Java 11.0.17 on Franks-Air with PID 1826 (/Users/frankyiu/Documents/projects/javaworkspace/microservices-demo/config-server/target/classes started by frankyiu in /Users/frankyiu/Documents/projects/javaworkspace/microservices-demo)
2023-02-10 21:53:40 [main] INFO  c.m.demo.config.server.ConfigServer - No active profile set, falling back to 1 default profile: "default"
2023-02-10 21:53:40 [main] INFO  o.s.cloud.context.scope.GenericScope - BeanFactory id=e5cabef6-37c1-3c67-aadd-afe3039587a2
2023-02-10 21:53:40 [main] INFO  o.s.b.w.e.tomcat.TomcatWebServer - Tomcat initialized with port(s): 8888 (http)
2023-02-10 21:53:40 [main] INFO  o.a.coyote.http11.Http11NioProtocol - Initializing ProtocolHandler ["http-nio-8888"]
2023-02-10 21:53:40 [main] INFO  o.a.catalina.core.StandardService - Starting service [Tomcat]
2023-02-10 21:53:40 [main] INFO  o.a.catalina.core.StandardEngine - Starting Servlet engine: [Apache Tomcat/9.0.71]
2023-02-10 21:53:40 [main] INFO  o.a.c.c.C.[Tomcat].[localhost].[/] - Initializing Spring embedded WebApplicationContext
2023-02-10 21:53:40 [main] INFO  o.s.b.w.s.c.ServletWebServerApplicationContext - Root WebApplicationContext: initialization completed in 896 ms
2023-02-10 21:53:41 [main] INFO  o.s.s.web.DefaultSecurityFilterChain - Will secure any request with [org.springframework.security.web.session.DisableEncodeUrlFilter@76216830, org.springframework.security.web.context.request.async.WebAsyncManagerIntegrationFilter@7aded903, org.springframework.security.web.context.SecurityContextPersistenceFilter@76cdafa3, org.springframework.security.web.header.HeaderWriterFilter@797fcf9, org.springframework.security.web.csrf.CsrfFilter@689faf79, org.springframework.security.web.authentication.logout.LogoutFilter@6af310c7, org.springframework.security.web.authentication.UsernamePasswordAuthenticationFilter@59c43561, org.springframework.security.web.authentication.ui.DefaultLoginPageGeneratingFilter@62b6c045, org.springframework.security.web.authentication.ui.DefaultLogoutPageGeneratingFilter@2db86a7c, org.springframework.security.web.authentication.www.BasicAuthenticationFilter@1cd2143b, org.springframework.security.web.savedrequest.RequestCacheAwareFilter@4fb64e14, org.springframework.security.web.servletapi.SecurityContextHolderAwareRequestFilter@118041c7, org.springframework.security.web.authentication.AnonymousAuthenticationFilter@261f359f, org.springframework.security.web.session.SessionManagementFilter@15d114ce, org.springframework.security.web.access.ExceptionTranslationFilter@5b0dbfb, org.springframework.security.web.access.intercept.FilterSecurityInterceptor@563ccd31]
2023-02-10 21:53:41 [main] WARN  o.s.s.c.a.web.builders.WebSecurity - You are asking Spring Security to ignore Ant [pattern='/encrypt/**']. This is not recommended -- please use permitAll via HttpSecurity#authorizeHttpRequests instead.
2023-02-10 21:53:41 [main] INFO  o.s.s.web.DefaultSecurityFilterChain - Will not secure Ant [pattern='/encrypt/**']
2023-02-10 21:53:41 [main] WARN  o.s.s.c.a.web.builders.WebSecurity - You are asking Spring Security to ignore Ant [pattern='/decrypt/**']. This is not recommended -- please use permitAll via HttpSecurity#authorizeHttpRequests instead.
2023-02-10 21:53:41 [main] INFO  o.s.s.web.DefaultSecurityFilterChain - Will not secure Ant [pattern='/decrypt/**']
2023-02-10 21:53:43 [main] INFO  o.a.coyote.http11.Http11NioProtocol - Starting ProtocolHandler ["http-nio-8888"]
2023-02-10 21:53:43 [main] INFO  o.s.b.w.e.tomcat.TomcatWebServer - Tomcat started on port(s): 8888 (http) with context path ''
2023-02-10 21:53:43 [main] INFO  c.m.demo.config.server.ConfigServer - Started ConfigServer in 4.076 seconds (JVM running for 4.609)
2023-02-10 21:54:20 [http-nio-8888-exec-1] INFO  o.a.c.c.C.[Tomcat].[localhost].[/] - Initializing Spring DispatcherServlet 'dispatcherServlet'
2023-02-10 21:54:20 [http-nio-8888-exec-1] INFO  o.s.web.servlet.DispatcherServlet - Initializing Servlet 'dispatcherServlet'
2023-02-10 21:54:20 [http-nio-8888-exec-1] INFO  o.s.web.servlet.DispatcherServlet - Completed initialization in 3 ms
2023-02-10 21:54:20 [http-nio-8888-exec-1] WARN  o.s.w.s.m.s.DefaultHandlerExceptionResolver - Resolved [org.springframework.web.HttpRequestMethodNotSupportedException: Request method 'PUT' not supported]
2023-02-10 21:54:29 [http-nio-8888-exec-3] INFO  o.s.c.c.s.e.EncryptionController - Encrypted data
2023-02-10 21:55:07 [http-nio-8888-exec-4] INFO  o.s.c.c.s.e.EncryptionController - Decrypted cipher data
