2023-02-09 16:46:13 [http-nio-8888-exec-9] INFO  o.s.c.c.s.e.MultipleJGitEnvironmentRepository - Cannot pull from remote null, the working tree is not clean.
2023-02-09 16:46:13 [http-nio-8888-exec-9] WARN  o.s.c.c.s.e.MultipleJGitEnvironmentRepository - Could not merge remote for main remote: null
2023-02-09 16:46:13 [http-nio-8888-exec-9] WARN  o.s.c.c.s.e.MultipleJGitEnvironmentRepository - The local repository is dirty or ahead of origin. Resetting it to origin/main.
2023-02-09 16:46:13 [http-nio-8888-exec-9] WARN  o.s.c.c.s.e.MultipleJGitEnvironmentRepository - Could not reset to remote for main (current ref=refs/remotes/origin/main), remote: null
2023-02-09 16:46:13 [http-nio-8888-exec-9] INFO  o.s.c.c.s.e.NativeEnvironmentRepository - Adding property source: Config resource 'file [/Users/frankyiu/Documents/projects/javaworkspace/microservices-demo/config-server-repository/twitter_to_kafka-dev.yml]' via location 'file:/Users/frankyiu/Documents/projects/javaworkspace/microservices-demo/config-server-repository/'
2023-02-09 16:46:19 [main] INFO  c.m.demo.config.server.ConfigServer - Starting ConfigServer using Java 11.0.17 on Franks-MacBook-Air.local with PID 53494 (/Users/frankyiu/Documents/projects/javaworkspace/microservices-demo/config-server/target/classes started by frankyiu in /Users/frankyiu/Documents/projects/javaworkspace/microservices-demo)
2023-02-09 16:46:19 [background-preinit] INFO  o.h.validator.internal.util.Version - HV000001: Hibernate Validator 6.2.5.Final
2023-02-09 16:46:19 [main] INFO  c.m.demo.config.server.ConfigServer - No active profile set, falling back to 1 default profile: "default"
2023-02-09 16:46:20 [main] INFO  o.s.cloud.context.scope.GenericScope - BeanFactory id=cef52e5f-2b72-3743-bd00-69694d83a014
2023-02-09 16:46:21 [main] INFO  o.s.b.w.e.tomcat.TomcatWebServer - Tomcat initialized with port(s): 8888 (http)
2023-02-09 16:46:21 [main] INFO  o.a.coyote.http11.Http11NioProtocol - Initializing ProtocolHandler ["http-nio-8888"]
2023-02-09 16:46:21 [main] INFO  o.a.catalina.core.StandardService - Starting service [Tomcat]
2023-02-09 16:46:21 [main] INFO  o.a.catalina.core.StandardEngine - Starting Servlet engine: [Apache Tomcat/9.0.71]
2023-02-09 16:46:21 [main] INFO  o.a.c.c.C.[Tomcat].[localhost].[/] - Initializing Spring embedded WebApplicationContext
2023-02-09 16:46:21 [main] INFO  o.s.b.w.s.c.ServletWebServerApplicationContext - Root WebApplicationContext: initialization completed in 1495 ms
2023-02-09 16:46:22 [main] INFO  o.a.coyote.http11.Http11NioProtocol - Starting ProtocolHandler ["http-nio-8888"]
2023-02-09 16:46:22 [main] INFO  o.s.b.w.e.tomcat.TomcatWebServer - Tomcat started on port(s): 8888 (http) with context path ''
2023-02-09 16:46:22 [main] INFO  c.m.demo.config.server.ConfigServer - Started ConfigServer in 3.143 seconds (JVM running for 3.969)
2023-02-09 16:46:47 [http-nio-8888-exec-1] INFO  o.a.c.c.C.[Tomcat].[localhost].[/] - Initializing Spring DispatcherServlet 'dispatcherServlet'
2023-02-09 16:46:47 [http-nio-8888-exec-1] INFO  o.s.web.servlet.DispatcherServlet - Initializing Servlet 'dispatcherServlet'
2023-02-09 16:46:47 [http-nio-8888-exec-1] INFO  o.s.web.servlet.DispatcherServlet - Completed initialization in 4 ms
2023-02-09 16:46:47 [http-nio-8888-exec-1] INFO  o.s.c.c.s.e.MultipleJGitEnvironmentRepository - Cannot pull from remote null, the working tree is not clean.
2023-02-09 16:46:47 [http-nio-8888-exec-1] WARN  o.s.c.c.s.e.MultipleJGitEnvironmentRepository - Could not merge remote for main remote: null
2023-02-09 16:46:47 [http-nio-8888-exec-1] WARN  o.s.c.c.s.e.MultipleJGitEnvironmentRepository - The local repository is dirty or ahead of origin. Resetting it to origin/main.
2023-02-09 16:46:48 [http-nio-8888-exec-1] WARN  o.s.c.c.s.e.MultipleJGitEnvironmentRepository - Could not reset to remote for main (current ref=refs/remotes/origin/main), remote: null
2023-02-09 16:46:48 [http-nio-8888-exec-1] INFO  o.s.c.c.s.e.NativeEnvironmentRepository - Adding property source: Config resource 'file [/Users/frankyiu/Documents/projects/javaworkspace/microservices-demo/config-server-repository/twitter_to_kafka-dev.yml]' via location 'file:/Users/frankyiu/Documents/projects/javaworkspace/microservices-demo/config-server-repository/'
