2023-02-08 22:23:37 [background-preinit] INFO  o.h.validator.internal.util.Version - HV000001: Hibernate Validator 6.2.5.Final
2023-02-08 22:23:37 [main] INFO  c.m.demo.config.server.ConfigServer - Starting ConfigServer using Java 11.0.17 on Franks-Air with PID 2128 (/Users/frankyiu/Documents/projects/javaworkspace/microservices-demo/config-server/target/classes started by frankyiu in /Users/frankyiu/Documents/projects/javaworkspace/microservices-demo)
2023-02-08 22:23:37 [main] INFO  c.m.demo.config.server.ConfigServer - No active profile set, falling back to 1 default profile: "default"
2023-02-08 22:23:37 [main] INFO  o.s.cloud.context.scope.GenericScope - BeanFactory id=cef52e5f-2b72-3743-bd00-69694d83a014
2023-02-08 22:23:38 [main] INFO  o.s.b.w.e.tomcat.TomcatWebServer - Tomcat initialized with port(s): 8888 (http)
2023-02-08 22:23:38 [main] INFO  o.a.coyote.http11.Http11NioProtocol - Initializing ProtocolHandler ["http-nio-8888"]
2023-02-08 22:23:38 [main] INFO  o.a.catalina.core.StandardService - Starting service [Tomcat]
2023-02-08 22:23:38 [main] INFO  o.a.catalina.core.StandardEngine - Starting Servlet engine: [Apache Tomcat/9.0.71]
2023-02-08 22:23:38 [main] INFO  o.a.c.c.C.[Tomcat].[localhost].[/] - Initializing Spring embedded WebApplicationContext
2023-02-08 22:23:38 [main] INFO  o.s.b.w.s.c.ServletWebServerApplicationContext - Root WebApplicationContext: initialization completed in 893 ms
2023-02-08 22:23:38 [main] WARN  o.s.b.w.s.c.AnnotationConfigServletWebServerApplicationContext - Exception encountered during context initialization - cancelling refresh attempt: org.springframework.beans.factory.BeanCreationException: Error creating bean with name 'defaultEnvironmentRepository' defined in class path resource [org/springframework/cloud/config/server/config/DefaultRepositoryConfiguration.class]: Invocation of init method failed; nested exception is java.lang.IllegalStateException: You need to configure a uri for the git repository.
2023-02-08 22:23:38 [main] INFO  o.a.catalina.core.StandardService - Stopping service [Tomcat]
2023-02-08 22:23:38 [main] INFO  o.s.b.a.l.ConditionEvaluationReportLoggingListener - 

Error starting ApplicationContext. To display the conditions report re-run your application with 'debug' enabled.
2023-02-08 22:23:38 [main] ERROR o.s.b.d.LoggingFailureAnalysisReporter - 

***************************
APPLICATION FAILED TO START
***************************

Description:

Invalid config server configuration.

Action:

If you are using the git profile, you need to set a Git URI in your configuration.  If you have set spring.cloud.config.server.bootstrap=true, you need to use a composite configuration.

2023-02-08 22:26:02 [background-preinit] INFO  o.h.validator.internal.util.Version - HV000001: Hibernate Validator 6.2.5.Final
2023-02-08 22:26:02 [main] INFO  c.m.demo.config.server.ConfigServer - Starting ConfigServer using Java 11.0.17 on Franks-Air with PID 2472 (/Users/frankyiu/Documents/projects/javaworkspace/microservices-demo/config-server/target/classes started by frankyiu in /Users/frankyiu/Documents/projects/javaworkspace/microservices-demo)
2023-02-08 22:26:02 [main] INFO  c.m.demo.config.server.ConfigServer - No active profile set, falling back to 1 default profile: "default"
2023-02-08 22:26:02 [main] INFO  o.s.cloud.context.scope.GenericScope - BeanFactory id=cef52e5f-2b72-3743-bd00-69694d83a014
2023-02-08 22:26:02 [main] INFO  o.s.b.w.e.tomcat.TomcatWebServer - Tomcat initialized with port(s): 8888 (http)
2023-02-08 22:26:02 [main] INFO  o.a.coyote.http11.Http11NioProtocol - Initializing ProtocolHandler ["http-nio-8888"]
2023-02-08 22:26:02 [main] INFO  o.a.catalina.core.StandardService - Starting service [Tomcat]
2023-02-08 22:26:02 [main] INFO  o.a.catalina.core.StandardEngine - Starting Servlet engine: [Apache Tomcat/9.0.71]
2023-02-08 22:26:02 [main] INFO  o.a.c.c.C.[Tomcat].[localhost].[/] - Initializing Spring embedded WebApplicationContext
2023-02-08 22:26:02 [main] INFO  o.s.b.w.s.c.ServletWebServerApplicationContext - Root WebApplicationContext: initialization completed in 839 ms
2023-02-08 22:26:03 [main] WARN  o.s.b.w.s.c.AnnotationConfigServletWebServerApplicationContext - Exception encountered during context initialization - cancelling refresh attempt: org.springframework.beans.factory.BeanCreationException: Error creating bean with name 'defaultEnvironmentRepository' defined in class path resource [org/springframework/cloud/config/server/config/DefaultRepositoryConfiguration.class]: Invocation of init method failed; nested exception is java.lang.IllegalStateException: You need to configure a uri for the git repository.
2023-02-08 22:26:03 [main] INFO  o.a.catalina.core.StandardService - Stopping service [Tomcat]
2023-02-08 22:26:03 [main] INFO  o.s.b.a.l.ConditionEvaluationReportLoggingListener - 

Error starting ApplicationContext. To display the conditions report re-run your application with 'debug' enabled.
2023-02-08 22:26:03 [main] ERROR o.s.b.d.LoggingFailureAnalysisReporter - 

***************************
APPLICATION FAILED TO START
***************************

Description:

Invalid config server configuration.

Action:

If you are using the git profile, you need to set a Git URI in your configuration.  If you have set spring.cloud.config.server.bootstrap=true, you need to use a composite configuration.

2023-02-08 22:27:38 [background-preinit] INFO  o.h.validator.internal.util.Version - HV000001: Hibernate Validator 6.2.5.Final
2023-02-08 22:27:38 [main] INFO  c.m.demo.config.server.ConfigServer - Starting ConfigServer using Java 11.0.17 on Franks-Air with PID 2747 (/Users/frankyiu/Documents/projects/javaworkspace/microservices-demo/config-server/target/classes started by frankyiu in /Users/frankyiu/Documents/projects/javaworkspace/microservices-demo)
2023-02-08 22:27:38 [main] INFO  c.m.demo.config.server.ConfigServer - No active profile set, falling back to 1 default profile: "default"
2023-02-08 22:27:39 [main] INFO  o.s.cloud.context.scope.GenericScope - BeanFactory id=cef52e5f-2b72-3743-bd00-69694d83a014
2023-02-08 22:27:39 [main] INFO  o.s.b.w.e.tomcat.TomcatWebServer - Tomcat initialized with port(s): 8888 (http)
2023-02-08 22:27:39 [main] INFO  o.a.coyote.http11.Http11NioProtocol - Initializing ProtocolHandler ["http-nio-8888"]
2023-02-08 22:27:39 [main] INFO  o.a.catalina.core.StandardService - Starting service [Tomcat]
2023-02-08 22:27:39 [main] INFO  o.a.catalina.core.StandardEngine - Starting Servlet engine: [Apache Tomcat/9.0.71]
2023-02-08 22:27:39 [main] INFO  o.a.c.c.C.[Tomcat].[localhost].[/] - Initializing Spring embedded WebApplicationContext
2023-02-08 22:27:39 [main] INFO  o.s.b.w.s.c.ServletWebServerApplicationContext - Root WebApplicationContext: initialization completed in 832 ms
2023-02-08 22:27:40 [main] WARN  o.s.b.w.s.c.AnnotationConfigServletWebServerApplicationContext - Exception encountered during context initialization - cancelling refresh attempt: org.springframework.beans.factory.BeanCreationException: Error creating bean with name 'defaultEnvironmentRepository' defined in class path resource [org/springframework/cloud/config/server/config/DefaultRepositoryConfiguration.class]: Invocation of init method failed; nested exception is java.lang.IllegalStateException: You need to configure a uri for the git repository.
2023-02-08 22:27:40 [main] INFO  o.a.catalina.core.StandardService - Stopping service [Tomcat]
2023-02-08 22:27:40 [main] INFO  o.s.b.a.l.ConditionEvaluationReportLoggingListener - 

Error starting ApplicationContext. To display the conditions report re-run your application with 'debug' enabled.
2023-02-08 22:27:40 [main] ERROR o.s.b.d.LoggingFailureAnalysisReporter - 

***************************
APPLICATION FAILED TO START
***************************

Description:

Invalid config server configuration.

Action:

If you are using the git profile, you need to set a Git URI in your configuration.  If you have set spring.cloud.config.server.bootstrap=true, you need to use a composite configuration.

2023-02-08 22:28:16 [background-preinit] INFO  o.h.validator.internal.util.Version - HV000001: Hibernate Validator 6.2.5.Final
2023-02-08 22:28:16 [main] INFO  c.m.demo.config.server.ConfigServer - Starting ConfigServer using Java 11.0.17 on Franks-Air with PID 2829 (/Users/frankyiu/Documents/projects/javaworkspace/microservices-demo/config-server/target/classes started by frankyiu in /Users/frankyiu/Documents/projects/javaworkspace/microservices-demo)
2023-02-08 22:28:16 [main] INFO  c.m.demo.config.server.ConfigServer - No active profile set, falling back to 1 default profile: "default"
2023-02-08 22:28:16 [main] INFO  o.s.cloud.context.scope.GenericScope - BeanFactory id=cef52e5f-2b72-3743-bd00-69694d83a014
2023-02-08 22:28:16 [main] INFO  o.s.b.w.e.tomcat.TomcatWebServer - Tomcat initialized with port(s): 8888 (http)
2023-02-08 22:28:16 [main] INFO  o.a.coyote.http11.Http11NioProtocol - Initializing ProtocolHandler ["http-nio-8888"]
2023-02-08 22:28:16 [main] INFO  o.a.catalina.core.StandardService - Starting service [Tomcat]
2023-02-08 22:28:16 [main] INFO  o.a.catalina.core.StandardEngine - Starting Servlet engine: [Apache Tomcat/9.0.71]
2023-02-08 22:28:16 [main] INFO  o.a.c.c.C.[Tomcat].[localhost].[/] - Initializing Spring embedded WebApplicationContext
2023-02-08 22:28:16 [main] INFO  o.s.b.w.s.c.ServletWebServerApplicationContext - Root WebApplicationContext: initialization completed in 819 ms
2023-02-08 22:28:17 [main] WARN  o.s.b.w.s.c.AnnotationConfigServletWebServerApplicationContext - Exception encountered during context initialization - cancelling refresh attempt: org.springframework.beans.factory.BeanCreationException: Error creating bean with name 'defaultEnvironmentRepository' defined in class path resource [org/springframework/cloud/config/server/config/DefaultRepositoryConfiguration.class]: Invocation of init method failed; nested exception is java.lang.IllegalStateException: You need to configure a uri for the git repository.
2023-02-08 22:28:17 [main] INFO  o.a.catalina.core.StandardService - Stopping service [Tomcat]
2023-02-08 22:28:17 [main] INFO  o.s.b.a.l.ConditionEvaluationReportLoggingListener - 

Error starting ApplicationContext. To display the conditions report re-run your application with 'debug' enabled.
2023-02-08 22:28:17 [main] ERROR o.s.b.d.LoggingFailureAnalysisReporter - 

***************************
APPLICATION FAILED TO START
***************************

Description:

Invalid config server configuration.

Action:

If you are using the git profile, you need to set a Git URI in your configuration.  If you have set spring.cloud.config.server.bootstrap=true, you need to use a composite configuration.

2023-02-08 22:28:53 [background-preinit] INFO  o.h.validator.internal.util.Version - HV000001: Hibernate Validator 6.2.5.Final
2023-02-08 22:28:53 [main] INFO  c.m.demo.config.server.ConfigServer - Starting ConfigServer using Java 11.0.17 on Franks-Air with PID 2907 (/Users/frankyiu/Documents/projects/javaworkspace/microservices-demo/config-server/target/classes started by frankyiu in /Users/frankyiu/Documents/projects/javaworkspace/microservices-demo)
2023-02-08 22:28:53 [main] INFO  c.m.demo.config.server.ConfigServer - No active profile set, falling back to 1 default profile: "default"
2023-02-08 22:28:55 [main] INFO  o.s.cloud.context.scope.GenericScope - BeanFactory id=cef52e5f-2b72-3743-bd00-69694d83a014
2023-02-08 22:28:55 [main] INFO  o.s.b.w.e.tomcat.TomcatWebServer - Tomcat initialized with port(s): 8888 (http)
2023-02-08 22:28:55 [main] INFO  o.a.coyote.http11.Http11NioProtocol - Initializing ProtocolHandler ["http-nio-8888"]
2023-02-08 22:28:55 [main] INFO  o.a.catalina.core.StandardService - Starting service [Tomcat]
2023-02-08 22:28:55 [main] INFO  o.a.catalina.core.StandardEngine - Starting Servlet engine: [Apache Tomcat/9.0.71]
2023-02-08 22:28:55 [main] INFO  o.a.c.c.C.[Tomcat].[localhost].[/] - Initializing Spring embedded WebApplicationContext
2023-02-08 22:28:55 [main] INFO  o.s.b.w.s.c.ServletWebServerApplicationContext - Root WebApplicationContext: initialization completed in 1514 ms
2023-02-08 22:28:56 [main] WARN  o.s.b.w.s.c.AnnotationConfigServletWebServerApplicationContext - Exception encountered during context initialization - cancelling refresh attempt: org.springframework.beans.factory.BeanCreationException: Error creating bean with name 'defaultEnvironmentRepository' defined in class path resource [org/springframework/cloud/config/server/config/DefaultRepositoryConfiguration.class]: Invocation of init method failed; nested exception is java.lang.IllegalStateException: You need to configure a uri for the git repository.
2023-02-08 22:28:56 [main] INFO  o.a.catalina.core.StandardService - Stopping service [Tomcat]
2023-02-08 22:28:56 [main] INFO  o.s.b.a.l.ConditionEvaluationReportLoggingListener - 

Error starting ApplicationContext. To display the conditions report re-run your application with 'debug' enabled.
2023-02-08 22:28:56 [main] ERROR o.s.b.d.LoggingFailureAnalysisReporter - 

***************************
APPLICATION FAILED TO START
***************************

Description:

Invalid config server configuration.

Action:

If you are using the git profile, you need to set a Git URI in your configuration.  If you have set spring.cloud.config.server.bootstrap=true, you need to use a composite configuration.

2023-02-08 22:30:18 [background-preinit] INFO  o.h.validator.internal.util.Version - HV000001: Hibernate Validator 6.2.5.Final
2023-02-08 22:30:18 [main] INFO  c.m.demo.config.server.ConfigServer - Starting ConfigServer using Java 11.0.17 on Franks-Air with PID 3101 (/Users/frankyiu/Documents/projects/javaworkspace/microservices-demo/config-server/target/classes started by frankyiu in /Users/frankyiu/Documents/projects/javaworkspace/microservices-demo)
2023-02-08 22:30:18 [main] INFO  c.m.demo.config.server.ConfigServer - No active profile set, falling back to 1 default profile: "default"
2023-02-08 22:30:19 [main] INFO  o.s.cloud.context.scope.GenericScope - BeanFactory id=cef52e5f-2b72-3743-bd00-69694d83a014
2023-02-08 22:30:19 [main] INFO  o.s.b.w.e.tomcat.TomcatWebServer - Tomcat initialized with port(s): 8888 (http)
2023-02-08 22:30:19 [main] INFO  o.a.coyote.http11.Http11NioProtocol - Initializing ProtocolHandler ["http-nio-8888"]
2023-02-08 22:30:19 [main] INFO  o.a.catalina.core.StandardService - Starting service [Tomcat]
2023-02-08 22:30:19 [main] INFO  o.a.catalina.core.StandardEngine - Starting Servlet engine: [Apache Tomcat/9.0.71]
2023-02-08 22:30:19 [main] INFO  o.a.c.c.C.[Tomcat].[localhost].[/] - Initializing Spring embedded WebApplicationContext
2023-02-08 22:30:19 [main] INFO  o.s.b.w.s.c.ServletWebServerApplicationContext - Root WebApplicationContext: initialization completed in 1030 ms
2023-02-08 22:30:19 [main] WARN  o.s.b.w.s.c.AnnotationConfigServletWebServerApplicationContext - Exception encountered during context initialization - cancelling refresh attempt: org.springframework.beans.factory.BeanCreationException: Error creating bean with name 'defaultEnvironmentRepository' defined in class path resource [org/springframework/cloud/config/server/config/DefaultRepositoryConfiguration.class]: Invocation of init method failed; nested exception is java.lang.IllegalStateException: You need to configure a uri for the git repository.
2023-02-08 22:30:19 [main] INFO  o.a.catalina.core.StandardService - Stopping service [Tomcat]
2023-02-08 22:30:19 [main] INFO  o.s.b.a.l.ConditionEvaluationReportLoggingListener - 

Error starting ApplicationContext. To display the conditions report re-run your application with 'debug' enabled.
2023-02-08 22:30:19 [main] ERROR o.s.b.d.LoggingFailureAnalysisReporter - 

***************************
APPLICATION FAILED TO START
***************************

Description:

Invalid config server configuration.

Action:

If you are using the git profile, you need to set a Git URI in your configuration.  If you have set spring.cloud.config.server.bootstrap=true, you need to use a composite configuration.

2023-02-08 22:38:06 [background-preinit] INFO  o.h.validator.internal.util.Version - HV000001: Hibernate Validator 6.2.5.Final
2023-02-08 22:38:06 [main] INFO  c.m.demo.config.server.ConfigServer - Starting ConfigServer using Java 11.0.17 on Franks-Air with PID 4156 (/Users/frankyiu/Documents/projects/javaworkspace/microservices-demo/config-server/target/classes started by frankyiu in /Users/frankyiu/Documents/projects/javaworkspace/microservices-demo)
2023-02-08 22:38:06 [main] INFO  c.m.demo.config.server.ConfigServer - No active profile set, falling back to 1 default profile: "default"
2023-02-08 22:38:06 [main] INFO  o.s.cloud.context.scope.GenericScope - BeanFactory id=cef52e5f-2b72-3743-bd00-69694d83a014
2023-02-08 22:38:07 [main] INFO  o.s.b.w.e.tomcat.TomcatWebServer - Tomcat initialized with port(s): 8888 (http)
2023-02-08 22:38:07 [main] INFO  o.a.coyote.http11.Http11NioProtocol - Initializing ProtocolHandler ["http-nio-8888"]
2023-02-08 22:38:07 [main] INFO  o.a.catalina.core.StandardService - Starting service [Tomcat]
2023-02-08 22:38:07 [main] INFO  o.a.catalina.core.StandardEngine - Starting Servlet engine: [Apache Tomcat/9.0.71]
2023-02-08 22:38:07 [main] INFO  o.a.c.c.C.[Tomcat].[localhost].[/] - Initializing Spring embedded WebApplicationContext
2023-02-08 22:38:07 [main] INFO  o.s.b.w.s.c.ServletWebServerApplicationContext - Root WebApplicationContext: initialization completed in 842 ms
2023-02-08 22:38:07 [main] WARN  o.s.b.w.s.c.AnnotationConfigServletWebServerApplicationContext - Exception encountered during context initialization - cancelling refresh attempt: org.springframework.beans.factory.BeanCreationException: Error creating bean with name 'defaultEnvironmentRepository' defined in class path resource [org/springframework/cloud/config/server/config/DefaultRepositoryConfiguration.class]: Invocation of init method failed; nested exception is java.lang.IllegalStateException: You need to configure a uri for the git repository.
2023-02-08 22:38:07 [main] INFO  o.a.catalina.core.StandardService - Stopping service [Tomcat]
2023-02-08 22:38:07 [main] INFO  o.s.b.a.l.ConditionEvaluationReportLoggingListener - 

Error starting ApplicationContext. To display the conditions report re-run your application with 'debug' enabled.
2023-02-08 22:38:07 [main] ERROR o.s.b.d.LoggingFailureAnalysisReporter - 

***************************
APPLICATION FAILED TO START
***************************

Description:

Invalid config server configuration.

Action:

If you are using the git profile, you need to set a Git URI in your configuration.  If you have set spring.cloud.config.server.bootstrap=true, you need to use a composite configuration.

2023-02-08 22:41:02 [background-preinit] INFO  o.h.validator.internal.util.Version - HV000001: Hibernate Validator 6.2.5.Final
2023-02-08 22:41:02 [main] INFO  c.m.demo.config.server.ConfigServer - Starting ConfigServer using Java 11.0.17 on Franks-Air with PID 4658 (/Users/frankyiu/Documents/projects/javaworkspace/microservices-demo/config-server/target/classes started by frankyiu in /Users/frankyiu/Documents/projects/javaworkspace/microservices-demo)
2023-02-08 22:41:02 [main] INFO  c.m.demo.config.server.ConfigServer - No active profile set, falling back to 1 default profile: "default"
2023-02-08 22:41:02 [main] INFO  o.s.cloud.context.scope.GenericScope - BeanFactory id=cef52e5f-2b72-3743-bd00-69694d83a014
2023-02-08 22:41:03 [main] INFO  o.s.b.w.e.tomcat.TomcatWebServer - Tomcat initialized with port(s): 8888 (http)
2023-02-08 22:41:03 [main] INFO  o.a.coyote.http11.Http11NioProtocol - Initializing ProtocolHandler ["http-nio-8888"]
2023-02-08 22:41:03 [main] INFO  o.a.catalina.core.StandardService - Starting service [Tomcat]
2023-02-08 22:41:03 [main] INFO  o.a.catalina.core.StandardEngine - Starting Servlet engine: [Apache Tomcat/9.0.71]
2023-02-08 22:41:03 [main] INFO  o.a.c.c.C.[Tomcat].[localhost].[/] - Initializing Spring embedded WebApplicationContext
2023-02-08 22:41:03 [main] INFO  o.s.b.w.s.c.ServletWebServerApplicationContext - Root WebApplicationContext: initialization completed in 834 ms
2023-02-08 22:41:03 [main] WARN  o.s.b.w.s.c.AnnotationConfigServletWebServerApplicationContext - Exception encountered during context initialization - cancelling refresh attempt: org.springframework.beans.factory.BeanCreationException: Error creating bean with name 'defaultEnvironmentRepository' defined in class path resource [org/springframework/cloud/config/server/config/DefaultRepositoryConfiguration.class]: Invocation of init method failed; nested exception is java.lang.IllegalStateException: You need to configure a uri for the git repository.
2023-02-08 22:41:03 [main] INFO  o.a.catalina.core.StandardService - Stopping service [Tomcat]
2023-02-08 22:41:03 [main] INFO  o.s.b.a.l.ConditionEvaluationReportLoggingListener - 

Error starting ApplicationContext. To display the conditions report re-run your application with 'debug' enabled.
2023-02-08 22:41:03 [main] ERROR o.s.b.d.LoggingFailureAnalysisReporter - 

***************************
APPLICATION FAILED TO START
***************************

Description:

Invalid config server configuration.

Action:

If you are using the git profile, you need to set a Git URI in your configuration.  If you have set spring.cloud.config.server.bootstrap=true, you need to use a composite configuration.

2023-02-08 22:41:48 [background-preinit] INFO  o.h.validator.internal.util.Version - HV000001: Hibernate Validator 6.2.5.Final
2023-02-08 22:41:48 [main] INFO  c.m.demo.config.server.ConfigServer - Starting ConfigServer using Java 11.0.17 on Franks-Air with PID 4760 (/Users/frankyiu/Documents/projects/javaworkspace/microservices-demo/config-server/target/classes started by frankyiu in /Users/frankyiu/Documents/projects/javaworkspace/microservices-demo)
2023-02-08 22:41:48 [main] INFO  c.m.demo.config.server.ConfigServer - No active profile set, falling back to 1 default profile: "default"
2023-02-08 22:41:49 [main] INFO  o.s.cloud.context.scope.GenericScope - BeanFactory id=cef52e5f-2b72-3743-bd00-69694d83a014
2023-02-08 22:41:49 [main] INFO  o.s.b.w.e.tomcat.TomcatWebServer - Tomcat initialized with port(s): 8888 (http)
2023-02-08 22:41:49 [main] INFO  o.a.coyote.http11.Http11NioProtocol - Initializing ProtocolHandler ["http-nio-8888"]
2023-02-08 22:41:49 [main] INFO  o.a.catalina.core.StandardService - Starting service [Tomcat]
2023-02-08 22:41:49 [main] INFO  o.a.catalina.core.StandardEngine - Starting Servlet engine: [Apache Tomcat/9.0.71]
2023-02-08 22:41:49 [main] INFO  o.a.c.c.C.[Tomcat].[localhost].[/] - Initializing Spring embedded WebApplicationContext
2023-02-08 22:41:49 [main] INFO  o.s.b.w.s.c.ServletWebServerApplicationContext - Root WebApplicationContext: initialization completed in 908 ms
2023-02-08 22:41:49 [main] WARN  o.s.b.w.s.c.AnnotationConfigServletWebServerApplicationContext - Exception encountered during context initialization - cancelling refresh attempt: org.springframework.beans.factory.BeanCreationException: Error creating bean with name 'defaultEnvironmentRepository' defined in class path resource [org/springframework/cloud/config/server/config/DefaultRepositoryConfiguration.class]: Invocation of init method failed; nested exception is java.lang.IllegalStateException: You need to configure a uri for the git repository.
2023-02-08 22:41:49 [main] INFO  o.a.catalina.core.StandardService - Stopping service [Tomcat]
2023-02-08 22:41:49 [main] INFO  o.s.b.a.l.ConditionEvaluationReportLoggingListener - 

Error starting ApplicationContext. To display the conditions report re-run your application with 'debug' enabled.
2023-02-08 22:41:49 [main] ERROR o.s.b.d.LoggingFailureAnalysisReporter - 

***************************
APPLICATION FAILED TO START
***************************

Description:

Invalid config server configuration.

Action:

If you are using the git profile, you need to set a Git URI in your configuration.  If you have set spring.cloud.config.server.bootstrap=true, you need to use a composite configuration.

2023-02-08 22:42:32 [background-preinit] INFO  o.h.validator.internal.util.Version - HV000001: Hibernate Validator 6.2.5.Final
2023-02-08 22:42:32 [main] INFO  c.m.demo.config.server.ConfigServer - Starting ConfigServer using Java 11.0.17 on Franks-Air with PID 4853 (/Users/frankyiu/Documents/projects/javaworkspace/microservices-demo/config-server/target/classes started by frankyiu in /Users/frankyiu/Documents/projects/javaworkspace/microservices-demo)
2023-02-08 22:42:32 [main] INFO  c.m.demo.config.server.ConfigServer - No active profile set, falling back to 1 default profile: "default"
2023-02-08 22:42:33 [main] INFO  o.s.cloud.context.scope.GenericScope - BeanFactory id=cef52e5f-2b72-3743-bd00-69694d83a014
2023-02-08 22:42:34 [main] INFO  o.s.b.w.e.tomcat.TomcatWebServer - Tomcat initialized with port(s): 8888 (http)
2023-02-08 22:42:34 [main] INFO  o.a.coyote.http11.Http11NioProtocol - Initializing ProtocolHandler ["http-nio-8888"]
2023-02-08 22:42:34 [main] INFO  o.a.catalina.core.StandardService - Starting service [Tomcat]
2023-02-08 22:42:34 [main] INFO  o.a.catalina.core.StandardEngine - Starting Servlet engine: [Apache Tomcat/9.0.71]
2023-02-08 22:42:34 [main] INFO  o.a.c.c.C.[Tomcat].[localhost].[/] - Initializing Spring embedded WebApplicationContext
2023-02-08 22:42:34 [main] INFO  o.s.b.w.s.c.ServletWebServerApplicationContext - Root WebApplicationContext: initialization completed in 1344 ms
2023-02-08 22:42:34 [main] WARN  o.s.b.w.s.c.AnnotationConfigServletWebServerApplicationContext - Exception encountered during context initialization - cancelling refresh attempt: org.springframework.beans.factory.BeanCreationException: Error creating bean with name 'defaultEnvironmentRepository' defined in class path resource [org/springframework/cloud/config/server/config/DefaultRepositoryConfiguration.class]: Invocation of init method failed; nested exception is java.lang.IllegalStateException: You need to configure a uri for the git repository.
2023-02-08 22:42:34 [main] INFO  o.a.catalina.core.StandardService - Stopping service [Tomcat]
2023-02-08 22:42:34 [main] INFO  o.s.b.a.l.ConditionEvaluationReportLoggingListener - 

Error starting ApplicationContext. To display the conditions report re-run your application with 'debug' enabled.
2023-02-08 22:42:34 [main] ERROR o.s.b.d.LoggingFailureAnalysisReporter - 

***************************
APPLICATION FAILED TO START
***************************

Description:

Invalid config server configuration.

Action:

If you are using the git profile, you need to set a Git URI in your configuration.  If you have set spring.cloud.config.server.bootstrap=true, you need to use a composite configuration.

2023-02-08 22:43:30 [background-preinit] INFO  o.h.validator.internal.util.Version - HV000001: Hibernate Validator 6.2.5.Final
2023-02-08 22:43:30 [main] INFO  c.m.demo.config.server.ConfigServer - Starting ConfigServer using Java 11.0.17 on Franks-Air with PID 4988 (/Users/frankyiu/Documents/projects/javaworkspace/microservices-demo/config-server/target/classes started by frankyiu in /Users/frankyiu/Documents/projects/javaworkspace/microservices-demo)
2023-02-08 22:43:30 [main] INFO  c.m.demo.config.server.ConfigServer - No active profile set, falling back to 1 default profile: "default"
2023-02-08 22:43:31 [main] INFO  o.s.cloud.context.scope.GenericScope - BeanFactory id=cef52e5f-2b72-3743-bd00-69694d83a014
2023-02-08 22:43:31 [main] INFO  o.s.b.w.e.tomcat.TomcatWebServer - Tomcat initialized with port(s): 8888 (http)
2023-02-08 22:43:31 [main] INFO  o.a.coyote.http11.Http11NioProtocol - Initializing ProtocolHandler ["http-nio-8888"]
2023-02-08 22:43:31 [main] INFO  o.a.catalina.core.StandardService - Starting service [Tomcat]
2023-02-08 22:43:31 [main] INFO  o.a.catalina.core.StandardEngine - Starting Servlet engine: [Apache Tomcat/9.0.71]
2023-02-08 22:43:31 [main] INFO  o.a.c.c.C.[Tomcat].[localhost].[/] - Initializing Spring embedded WebApplicationContext
2023-02-08 22:43:31 [main] INFO  o.s.b.w.s.c.ServletWebServerApplicationContext - Root WebApplicationContext: initialization completed in 1211 ms
2023-02-08 22:43:32 [main] WARN  o.s.b.w.s.c.AnnotationConfigServletWebServerApplicationContext - Exception encountered during context initialization - cancelling refresh attempt: org.springframework.beans.factory.BeanCreationException: Error creating bean with name 'defaultEnvironmentRepository' defined in class path resource [org/springframework/cloud/config/server/config/DefaultRepositoryConfiguration.class]: Invocation of init method failed; nested exception is java.lang.IllegalStateException: You need to configure a uri for the git repository.
2023-02-08 22:43:32 [main] INFO  o.a.catalina.core.StandardService - Stopping service [Tomcat]
2023-02-08 22:43:32 [main] INFO  o.s.b.a.l.ConditionEvaluationReportLoggingListener - 

Error starting ApplicationContext. To display the conditions report re-run your application with 'debug' enabled.
2023-02-08 22:43:32 [main] ERROR o.s.b.d.LoggingFailureAnalysisReporter - 

***************************
APPLICATION FAILED TO START
***************************

Description:

Invalid config server configuration.

Action:

If you are using the git profile, you need to set a Git URI in your configuration.  If you have set spring.cloud.config.server.bootstrap=true, you need to use a composite configuration.

2023-02-08 22:48:47 [background-preinit] INFO  o.h.validator.internal.util.Version - HV000001: Hibernate Validator 6.2.5.Final
2023-02-08 22:48:47 [main] INFO  c.m.demo.config.server.ConfigServer - Starting ConfigServer using Java 11.0.17 on Franks-Air with PID 5737 (/Users/frankyiu/Documents/projects/javaworkspace/microservices-demo/config-server/target/classes started by frankyiu in /Users/frankyiu/Documents/projects/javaworkspace/microservices-demo)
2023-02-08 22:48:48 [main] INFO  c.m.demo.config.server.ConfigServer - No active profile set, falling back to 1 default profile: "default"
2023-02-08 22:48:48 [main] INFO  o.s.cloud.context.scope.GenericScope - BeanFactory id=cef52e5f-2b72-3743-bd00-69694d83a014
2023-02-08 22:48:48 [main] INFO  o.s.b.w.e.tomcat.TomcatWebServer - Tomcat initialized with port(s): 8888 (http)
2023-02-08 22:48:48 [main] INFO  o.a.coyote.http11.Http11NioProtocol - Initializing ProtocolHandler ["http-nio-8888"]
2023-02-08 22:48:48 [main] INFO  o.a.catalina.core.StandardService - Starting service [Tomcat]
2023-02-08 22:48:48 [main] INFO  o.a.catalina.core.StandardEngine - Starting Servlet engine: [Apache Tomcat/9.0.71]
2023-02-08 22:48:48 [main] INFO  o.a.c.c.C.[Tomcat].[localhost].[/] - Initializing Spring embedded WebApplicationContext
2023-02-08 22:48:48 [main] INFO  o.s.b.w.s.c.ServletWebServerApplicationContext - Root WebApplicationContext: initialization completed in 914 ms
2023-02-08 22:48:49 [main] INFO  o.a.coyote.http11.Http11NioProtocol - Starting ProtocolHandler ["http-nio-8888"]
2023-02-08 22:48:49 [main] INFO  o.s.b.w.e.tomcat.TomcatWebServer - Tomcat started on port(s): 8888 (http) with context path ''
2023-02-08 22:48:49 [main] INFO  c.m.demo.config.server.ConfigServer - Started ConfigServer in 1.811 seconds (JVM running for 2.276)
2023-02-08 22:49:59 [background-preinit] INFO  o.h.validator.internal.util.Version - HV000001: Hibernate Validator 6.2.5.Final
2023-02-08 22:49:59 [main] INFO  c.m.demo.config.server.ConfigServer - Starting ConfigServer using Java 11.0.17 on Franks-Air with PID 5925 (/Users/frankyiu/Documents/projects/javaworkspace/microservices-demo/config-server/target/classes started by frankyiu in /Users/frankyiu/Documents/projects/javaworkspace/microservices-demo)
2023-02-08 22:49:59 [main] INFO  c.m.demo.config.server.ConfigServer - No active profile set, falling back to 1 default profile: "default"
2023-02-08 22:50:00 [main] INFO  o.s.cloud.context.scope.GenericScope - BeanFactory id=cef52e5f-2b72-3743-bd00-69694d83a014
2023-02-08 22:50:00 [main] INFO  o.s.b.w.e.tomcat.TomcatWebServer - Tomcat initialized with port(s): 8888 (http)
2023-02-08 22:50:00 [main] INFO  o.a.coyote.http11.Http11NioProtocol - Initializing ProtocolHandler ["http-nio-8888"]
2023-02-08 22:50:00 [main] INFO  o.a.catalina.core.StandardService - Starting service [Tomcat]
2023-02-08 22:50:00 [main] INFO  o.a.catalina.core.StandardEngine - Starting Servlet engine: [Apache Tomcat/9.0.71]
2023-02-08 22:50:00 [main] INFO  o.a.c.c.C.[Tomcat].[localhost].[/] - Initializing Spring embedded WebApplicationContext
2023-02-08 22:50:00 [main] INFO  o.s.b.w.s.c.ServletWebServerApplicationContext - Root WebApplicationContext: initialization completed in 867 ms
2023-02-08 22:50:01 [main] INFO  o.a.coyote.http11.Http11NioProtocol - Starting ProtocolHandler ["http-nio-8888"]
2023-02-08 22:50:01 [main] INFO  o.s.b.w.e.tomcat.TomcatWebServer - Tomcat started on port(s): 8888 (http) with context path ''
2023-02-08 22:50:01 [main] INFO  c.m.demo.config.server.ConfigServer - Started ConfigServer in 1.777 seconds (JVM running for 2.277)
2023-02-08 23:01:50 [http-nio-8888-exec-1] INFO  o.a.c.c.C.[Tomcat].[localhost].[/] - Initializing Spring DispatcherServlet 'dispatcherServlet'
2023-02-08 23:01:50 [http-nio-8888-exec-1] INFO  o.s.web.servlet.DispatcherServlet - Initializing Servlet 'dispatcherServlet'
2023-02-08 23:01:50 [http-nio-8888-exec-1] INFO  o.s.web.servlet.DispatcherServlet - Completed initialization in 16 ms
2023-02-08 23:02:19 [http-nio-8888-exec-4] WARN  o.s.c.c.s.e.MultipleJGitEnvironmentRepository - Could not merge remote for main remote: null
2023-02-08 23:02:19 [http-nio-8888-exec-4] INFO  o.s.c.c.s.e.NativeEnvironmentRepository - Adding property source: Config resource 'file [/Users/frankyiu/Documents/projects/javaworkspace/microservices-demo/config-server-repository/config-client.yml]' via location 'file:/Users/frankyiu/Documents/projects/javaworkspace/microservices-demo/config-server-repository/'
2023-02-08 23:02:39 [http-nio-8888-exec-5] WARN  o.s.c.c.s.e.EnvironmentController - Error getting the Environment with name=config-client profiles=twitter-to-kafka label=master includeOrigin=false
org.springframework.cloud.config.server.environment.NoSuchLabelException: No such label: master
	at org.springframework.cloud.config.server.environment.JGitEnvironmentRepository.refresh(JGitEnvironmentRepository.java:307)
	at org.springframework.cloud.config.server.environment.JGitEnvironmentRepository.getLocations(JGitEnvironmentRepository.java:256)
	at org.springframework.cloud.config.server.environment.MultipleJGitEnvironmentRepository.getLocations(MultipleJGitEnvironmentRepository.java:139)
	at org.springframework.cloud.config.server.environment.AbstractScmEnvironmentRepository.findOne(AbstractScmEnvironmentRepository.java:55)
	at org.springframework.cloud.config.server.environment.MultipleJGitEnvironmentRepository.findOneFromCandidate(MultipleJGitEnvironmentRepository.java:188)
	at org.springframework.cloud.config.server.environment.MultipleJGitEnvironmentRepository.findOne(MultipleJGitEnvironmentRepository.java:173)
	at org.springframework.cloud.config.server.environment.CompositeEnvironmentRepository.findOne(CompositeEnvironmentRepository.java:64)
	at org.springframework.cloud.config.server.environment.EnvironmentEncryptorEnvironmentRepository.findOne(EnvironmentEncryptorEnvironmentRepository.java:61)
	at org.springframework.cloud.config.server.environment.EnvironmentController.getEnvironment(EnvironmentController.java:132)
	at org.springframework.cloud.config.server.environment.EnvironmentController.labelled(EnvironmentController.java:119)
	at java.base/jdk.internal.reflect.NativeMethodAccessorImpl.invoke0(Native Method)
	at java.base/jdk.internal.reflect.NativeMethodAccessorImpl.invoke(NativeMethodAccessorImpl.java:62)
	at java.base/jdk.internal.reflect.DelegatingMethodAccessorImpl.invoke(DelegatingMethodAccessorImpl.java:43)
	at java.base/java.lang.reflect.Method.invoke(Method.java:566)
	at org.springframework.util.ReflectionUtils.invokeMethod(ReflectionUtils.java:282)
	at org.springframework.cloud.context.scope.GenericScope$LockedScopedProxyFactoryBean.invoke(GenericScope.java:485)
	at org.springframework.aop.framework.ReflectiveMethodInvocation.proceed(ReflectiveMethodInvocation.java:186)
	at org.springframework.aop.framework.CglibAopProxy$CglibMethodInvocation.proceed(CglibAopProxy.java:763)
	at org.springframework.aop.framework.CglibAopProxy$DynamicAdvisedInterceptor.intercept(CglibAopProxy.java:708)
	at org.springframework.cloud.config.server.environment.EnvironmentController$$EnhancerBySpringCGLIB$$e985af7c.labelled(<generated>)
	at java.base/jdk.internal.reflect.NativeMethodAccessorImpl.invoke0(Native Method)
	at java.base/jdk.internal.reflect.NativeMethodAccessorImpl.invoke(NativeMethodAccessorImpl.java:62)
	at java.base/jdk.internal.reflect.DelegatingMethodAccessorImpl.invoke(DelegatingMethodAccessorImpl.java:43)
	at java.base/java.lang.reflect.Method.invoke(Method.java:566)
	at org.springframework.web.method.support.InvocableHandlerMethod.doInvoke(InvocableHandlerMethod.java:205)
	at org.springframework.web.method.support.InvocableHandlerMethod.invokeForRequest(InvocableHandlerMethod.java:150)
	at org.springframework.web.servlet.mvc.method.annotation.ServletInvocableHandlerMethod.invokeAndHandle(ServletInvocableHandlerMethod.java:117)
	at org.springframework.web.servlet.mvc.method.annotation.RequestMappingHandlerAdapter.invokeHandlerMethod(RequestMappingHandlerAdapter.java:895)
	at org.springframework.web.servlet.mvc.method.annotation.RequestMappingHandlerAdapter.handleInternal(RequestMappingHandlerAdapter.java:808)
	at org.springframework.web.servlet.mvc.method.AbstractHandlerMethodAdapter.handle(AbstractHandlerMethodAdapter.java:87)
	at org.springframework.web.servlet.DispatcherServlet.doDispatch(DispatcherServlet.java:1071)
	at org.springframework.web.servlet.DispatcherServlet.doService(DispatcherServlet.java:964)
	at org.springframework.web.servlet.FrameworkServlet.processRequest(FrameworkServlet.java:1006)
	at org.springframework.web.servlet.FrameworkServlet.doGet(FrameworkServlet.java:898)
	at javax.servlet.http.HttpServlet.service(HttpServlet.java:670)
	at org.springframework.web.servlet.FrameworkServlet.service(FrameworkServlet.java:883)
	at javax.servlet.http.HttpServlet.service(HttpServlet.java:779)
	at org.apache.catalina.core.ApplicationFilterChain.internalDoFilter(ApplicationFilterChain.java:227)
	at org.apache.catalina.core.ApplicationFilterChain.doFilter(ApplicationFilterChain.java:162)
	at org.apache.tomcat.websocket.server.WsFilter.doFilter(WsFilter.java:53)
	at org.apache.catalina.core.ApplicationFilterChain.internalDoFilter(ApplicationFilterChain.java:189)
	at org.apache.catalina.core.ApplicationFilterChain.doFilter(ApplicationFilterChain.java:162)
	at org.springframework.web.filter.RequestContextFilter.doFilterInternal(RequestContextFilter.java:100)
	at org.springframework.web.filter.OncePerRequestFilter.doFilter(OncePerRequestFilter.java:117)
	at org.apache.catalina.core.ApplicationFilterChain.internalDoFilter(ApplicationFilterChain.java:189)
	at org.apache.catalina.core.ApplicationFilterChain.doFilter(ApplicationFilterChain.java:162)
	at org.springframework.web.filter.FormContentFilter.doFilterInternal(FormContentFilter.java:93)
	at org.springframework.web.filter.OncePerRequestFilter.doFilter(OncePerRequestFilter.java:117)
	at org.apache.catalina.core.ApplicationFilterChain.internalDoFilter(ApplicationFilterChain.java:189)
	at org.apache.catalina.core.ApplicationFilterChain.doFilter(ApplicationFilterChain.java:162)
	at org.springframework.web.filter.CharacterEncodingFilter.doFilterInternal(CharacterEncodingFilter.java:201)
	at org.springframework.web.filter.OncePerRequestFilter.doFilter(OncePerRequestFilter.java:117)
	at org.apache.catalina.core.ApplicationFilterChain.internalDoFilter(ApplicationFilterChain.java:189)
	at org.apache.catalina.core.ApplicationFilterChain.doFilter(ApplicationFilterChain.java:162)
	at org.apache.catalina.core.StandardWrapperValve.invoke(StandardWrapperValve.java:177)
	at org.apache.catalina.core.StandardContextValve.invoke(StandardContextValve.java:97)
	at org.apache.catalina.authenticator.AuthenticatorBase.invoke(AuthenticatorBase.java:541)
	at org.apache.catalina.core.StandardHostValve.invoke(StandardHostValve.java:135)
	at org.apache.catalina.valves.ErrorReportValve.invoke(ErrorReportValve.java:92)
	at org.apache.catalina.core.StandardEngineValve.invoke(StandardEngineValve.java:78)
	at org.apache.catalina.connector.CoyoteAdapter.service(CoyoteAdapter.java:360)
	at org.apache.coyote.http11.Http11Processor.service(Http11Processor.java:399)
	at org.apache.coyote.AbstractProcessorLight.process(AbstractProcessorLight.java:65)
	at org.apache.coyote.AbstractProtocol$ConnectionHandler.process(AbstractProtocol.java:891)
	at org.apache.tomcat.util.net.NioEndpoint$SocketProcessor.doRun(NioEndpoint.java:1784)
	at org.apache.tomcat.util.net.SocketProcessorBase.run(SocketProcessorBase.java:49)
	at org.apache.tomcat.util.threads.ThreadPoolExecutor.runWorker(ThreadPoolExecutor.java:1191)
	at org.apache.tomcat.util.threads.ThreadPoolExecutor$Worker.run(ThreadPoolExecutor.java:659)
	at org.apache.tomcat.util.threads.TaskThread$WrappingRunnable.run(TaskThread.java:61)
	at java.base/java.lang.Thread.run(Thread.java:834)
Caused by: org.eclipse.jgit.api.errors.RefNotFoundException: Ref master cannot be resolved
	at org.eclipse.jgit.api.CheckoutCommand.call(CheckoutCommand.java:223)
	at org.springframework.cloud.config.server.environment.JGitEnvironmentRepository.checkout(JGitEnvironmentRepository.java:461)
	at org.springframework.cloud.config.server.environment.JGitEnvironmentRepository.refresh(JGitEnvironmentRepository.java:300)
	... 69 common frames omitted
2023-02-08 23:04:30 [http-nio-8888-exec-7] WARN  o.s.c.c.s.e.MultipleJGitEnvironmentRepository - Could not merge remote for main remote: null
2023-02-08 23:05:12 [http-nio-8888-exec-9] WARN  o.s.c.c.s.e.MultipleJGitEnvironmentRepository - Could not merge remote for main remote: null
2023-02-08 23:06:16 [http-nio-8888-exec-1] WARN  o.s.c.c.s.e.MultipleJGitEnvironmentRepository - Could not merge remote for main remote: null
2023-02-08 23:06:16 [http-nio-8888-exec-1] INFO  o.s.c.c.s.e.NativeEnvironmentRepository - Adding property source: Config resource 'file [/Users/frankyiu/Documents/projects/javaworkspace/microservices-demo/config-server-repository/config-client.yml]' via location 'file:/Users/frankyiu/Documents/projects/javaworkspace/microservices-demo/config-server-repository/'
2023-02-08 23:08:10 [http-nio-8888-exec-4] WARN  o.s.c.c.s.e.MultipleJGitEnvironmentRepository - Could not merge remote for main remote: null
2023-02-08 23:08:10 [http-nio-8888-exec-4] INFO  o.s.c.c.s.e.NativeEnvironmentRepository - Adding property source: Config resource 'file [/Users/frankyiu/Documents/projects/javaworkspace/microservices-demo/config-server-repository/config-client.yml]' via location 'file:/Users/frankyiu/Documents/projects/javaworkspace/microservices-demo/config-server-repository/'
2023-02-08 23:08:32 [http-nio-8888-exec-5] WARN  o.s.c.c.s.e.MultipleJGitEnvironmentRepository - Could not merge remote for main remote: null
2023-02-08 23:08:32 [http-nio-8888-exec-5] INFO  o.s.c.c.s.e.NativeEnvironmentRepository - Adding property source: Config resource 'file [/Users/frankyiu/Documents/projects/javaworkspace/microservices-demo/config-server-repository/config-client-twitter_to_kafka.yml]' via location 'file:/Users/frankyiu/Documents/projects/javaworkspace/microservices-demo/config-server-repository/'
2023-02-08 23:08:32 [http-nio-8888-exec-5] INFO  o.s.c.c.s.e.NativeEnvironmentRepository - Adding property source: Config resource 'file [/Users/frankyiu/Documents/projects/javaworkspace/microservices-demo/config-server-repository/config-client.yml]' via location 'file:/Users/frankyiu/Documents/projects/javaworkspace/microservices-demo/config-server-repository/'
2023-02-08 23:10:14 [http-nio-8888-exec-7] WARN  o.s.c.c.s.e.MultipleJGitEnvironmentRepository - Could not merge remote for main remote: null
2023-02-08 23:10:14 [http-nio-8888-exec-7] INFO  o.s.c.c.s.e.NativeEnvironmentRepository - Adding property source: Config resource 'file [/Users/frankyiu/Documents/projects/javaworkspace/microservices-demo/config-server-repository/config-client-twitter_to_kafka.yml]' via location 'file:/Users/frankyiu/Documents/projects/javaworkspace/microservices-demo/config-server-repository/'
2023-02-08 23:10:14 [http-nio-8888-exec-7] INFO  o.s.c.c.s.e.NativeEnvironmentRepository - Adding property source: Config resource 'file [/Users/frankyiu/Documents/projects/javaworkspace/microservices-demo/config-server-repository/config-client.yml]' via location 'file:/Users/frankyiu/Documents/projects/javaworkspace/microservices-demo/config-server-repository/'
