2023-02-20 17:22:29 [main] INFO  c.m.d.t.t.k.s.TwitterToKafkaServiceApplication - Starting TwitterToKafkaServiceApplication using Java 11.0.17 on Franks-Air with PID 60549 (/Users/frankyiu/Documents/projects/javaworkspace/microservices-demo/twitter-to-kafka-service/target/classes started by frankyiu in /Users/frankyiu/Documents/projects/javaworkspace/microservices-demo)
2023-02-20 17:22:29 [main] INFO  c.m.d.t.t.k.s.TwitterToKafkaServiceApplication - The following 1 profile is active: "dev"
2023-02-20 17:22:29 [main] INFO  o.s.c.c.c.ConfigServerConfigDataLoader - Fetching config from server at : http://localhost:8888
2023-02-20 17:22:29 [main] INFO  o.s.c.c.c.ConfigServerConfigDataLoader - Located environment: name=twitter_to_kafka, profiles=[dev], label=null, version=073829ff107413dab148137a4aa9a43b2d1cbe27, state=null
2023-02-20 17:22:30 [main] INFO  o.s.cloud.context.scope.GenericScope - BeanFactory id=b49f1d0a-406b-3807-87ab-acb2aff29341
2023-02-20 17:22:30 [main] INFO  o.a.k.c.admin.AdminClientConfig - AdminClientConfig values: 
	bootstrap.servers = [localhost:19092, localhost:29092, localhost:39092]
	client.dns.lookup = use_all_dns_ips
	client.id = 
	connections.max.idle.ms = 300000
	default.api.timeout.ms = 60000
	metadata.max.age.ms = 300000
	metric.reporters = []
	metrics.num.samples = 2
	metrics.recording.level = INFO
	metrics.sample.window.ms = 30000
	receive.buffer.bytes = 65536
	reconnect.backoff.max.ms = 1000
	reconnect.backoff.ms = 50
	request.timeout.ms = 30000
	retries = 2147483647
	retry.backoff.ms = 100
	sasl.client.callback.handler.class = null
	sasl.jaas.config = null
	sasl.kerberos.kinit.cmd = /usr/bin/kinit
	sasl.kerberos.min.time.before.relogin = 60000
	sasl.kerberos.service.name = null
	sasl.kerberos.ticket.renew.jitter = 0.05
	sasl.kerberos.ticket.renew.window.factor = 0.8
	sasl.login.callback.handler.class = null
	sasl.login.class = null
	sasl.login.connect.timeout.ms = null
	sasl.login.read.timeout.ms = null
	sasl.login.refresh.buffer.seconds = 300
	sasl.login.refresh.min.period.seconds = 60
	sasl.login.refresh.window.factor = 0.8
	sasl.login.refresh.window.jitter = 0.05
	sasl.login.retry.backoff.max.ms = 10000
	sasl.login.retry.backoff.ms = 100
	sasl.mechanism = GSSAPI
	sasl.oauthbearer.clock.skew.seconds = 30
	sasl.oauthbearer.expected.audience = null
	sasl.oauthbearer.expected.issuer = null
	sasl.oauthbearer.jwks.endpoint.refresh.ms = 3600000
	sasl.oauthbearer.jwks.endpoint.retry.backoff.max.ms = 10000
	sasl.oauthbearer.jwks.endpoint.retry.backoff.ms = 100
	sasl.oauthbearer.jwks.endpoint.url = null
	sasl.oauthbearer.scope.claim.name = scope
	sasl.oauthbearer.sub.claim.name = sub
	sasl.oauthbearer.token.endpoint.url = null
	security.protocol = PLAINTEXT
	security.providers = null
	send.buffer.bytes = 131072
	socket.connection.setup.timeout.max.ms = 30000
	socket.connection.setup.timeout.ms = 10000
	ssl.cipher.suites = null
	ssl.enabled.protocols = [TLSv1.2, TLSv1.3]
	ssl.endpoint.identification.algorithm = https
	ssl.engine.factory.class = null
	ssl.key.password = null
	ssl.keymanager.algorithm = SunX509
	ssl.keystore.certificate.chain = null
	ssl.keystore.key = null
	ssl.keystore.location = null
	ssl.keystore.password = null
	ssl.keystore.type = JKS
	ssl.protocol = TLSv1.3
	ssl.provider = null
	ssl.secure.random.implementation = null
	ssl.trustmanager.algorithm = PKIX
	ssl.truststore.certificates = null
	ssl.truststore.location = null
	ssl.truststore.password = null
	ssl.truststore.type = JKS

2023-02-20 17:22:30 [main] INFO  o.a.kafka.common.utils.AppInfoParser - Kafka version: 3.1.2
2023-02-20 17:22:30 [main] INFO  o.a.kafka.common.utils.AppInfoParser - Kafka commitId: f8c67dc3ae0a3265
2023-02-20 17:22:30 [main] INFO  o.a.kafka.common.utils.AppInfoParser - Kafka startTimeMs: 1676931750927
2023-02-20 17:22:31 [main] INFO  o.s.b.a.s.r.ReactiveUserDetailsServiceAutoConfiguration - 

Using generated security password: 25fda759-bfac-47d2-aa3a-494ee0b5fa8f

2023-02-20 17:22:31 [main] INFO  o.s.b.w.e.netty.NettyWebServer - Netty started on port 8181
2023-02-20 17:22:31 [main] INFO  c.m.d.t.t.k.s.TwitterToKafkaServiceApplication - Started TwitterToKafkaServiceApplication in 4.696 seconds (JVM running for 5.795)
2023-02-20 17:22:31 [main] INFO  c.m.d.t.t.k.s.TwitterToKafkaServiceApplication - App Starts...
2023-02-20 17:22:31 [main] INFO  c.m.d.k.a.client.KafkaAdminClient - Creating 1 topics attempt 0
2023-02-20 17:22:31 [main] INFO  c.m.d.k.a.client.KafkaAdminClient - Reading kafka topic [twitter-topic] attempt 0
2023-02-20 17:22:32 [main] INFO  c.m.d.k.a.client.KafkaAdminClient - Topic with names (name=twitter-topic, topicId=AAAAAAAAAAAAAAAAAAAAAA, internal=false)
2023-02-20 17:22:32 [main] INFO  c.m.d.k.a.client.KafkaAdminClient - Topic with names (name=_schemas, topicId=AAAAAAAAAAAAAAAAAAAAAA, internal=false)
2023-02-20 17:22:32 [main] INFO  c.m.d.k.a.client.KafkaAdminClient - Topic with names (name=__confluent.support.metrics, topicId=AAAAAAAAAAAAAAAAAAAAAA, internal=false)
2023-02-20 17:22:32 [main] ERROR i.n.r.d.DnsServerAddressStreamProviders - Unable to load io.netty.resolver.dns.macos.MacOSDnsServerAddressStreamProvider, fallback to system defaults. This may result in incorrect DNS resolutions on MacOS. Check whether you have a dependency on 'io.netty:netty-resolver-dns-native-macos'. Use DEBUG level to see the full stack: java.lang.UnsatisfiedLinkError: failed to load the required native library
2023-02-20 17:22:33 [main] INFO  c.m.d.t.t.k.s.TwitterToKafkaServiceApplication - Topic with name twitter-topic ready
2023-02-20 17:22:33 [main] INFO  c.m.d.t.t.k.s.r.i.TwitterV2KafkaStreamRunner - Create filter for twitter stream for keywords: [Java, Microservices, Spring]
2023-02-20 17:22:37 [main] INFO  c.m.d.t.t.k.s.r.i.TwitterV2StreamHelper - Created rules for twitter stream Java
2023-02-20 17:22:49 [main] INFO  c.m.d.t.t.k.s.l.TwitterKafkaStatusListener - Received status text RT @gunsnrosesgirl3: In the middle of a forest on the Japanese island of Hokkaido, a geyser recently suddenly erupted sending warm water fr… sending to kafka topic
2023-02-20 17:22:49 [main] INFO  c.m.d.k.p.c.s.i.TwitterKafkaProducer - Sending message {"userId": 1498473988997136387, "id": 1627795882144849922, "text": "RT @gunsnrosesgirl3: In the middle of a forest on the Japanese island of Hokkaido, a geyser recently suddenly erupted sending warm water fr\u2026", "createdAt": 1676931755000} to topic twitter-topic
2023-02-20 17:22:49 [main] INFO  o.a.k.c.producer.ProducerConfig - ProducerConfig values: 
	acks = -1
	batch.size = 1638400
	bootstrap.servers = [localhost:19092, localhost:29092, localhost:39092]
	buffer.memory = 33554432
	client.dns.lookup = use_all_dns_ips
	client.id = producer-1
	compression.type = snappy
	connections.max.idle.ms = 540000
	delivery.timeout.ms = 120000
	enable.idempotence = true
	interceptor.classes = []
	key.serializer = class org.apache.kafka.common.serialization.LongSerializer
	linger.ms = 5
	max.block.ms = 60000
	max.in.flight.requests.per.connection = 5
	max.request.size = 1048576
	metadata.max.age.ms = 300000
	metadata.max.idle.ms = 300000
	metric.reporters = []
	metrics.num.samples = 2
	metrics.recording.level = INFO
	metrics.sample.window.ms = 30000
	partitioner.class = class org.apache.kafka.clients.producer.internals.DefaultPartitioner
	receive.buffer.bytes = 32768
	reconnect.backoff.max.ms = 1000
	reconnect.backoff.ms = 50
	request.timeout.ms = 60000
	retries = 5
	retry.backoff.ms = 100
	sasl.client.callback.handler.class = null
	sasl.jaas.config = null
	sasl.kerberos.kinit.cmd = /usr/bin/kinit
	sasl.kerberos.min.time.before.relogin = 60000
	sasl.kerberos.service.name = null
	sasl.kerberos.ticket.renew.jitter = 0.05
	sasl.kerberos.ticket.renew.window.factor = 0.8
	sasl.login.callback.handler.class = null
	sasl.login.class = null
	sasl.login.connect.timeout.ms = null
	sasl.login.read.timeout.ms = null
	sasl.login.refresh.buffer.seconds = 300
	sasl.login.refresh.min.period.seconds = 60
	sasl.login.refresh.window.factor = 0.8
	sasl.login.refresh.window.jitter = 0.05
	sasl.login.retry.backoff.max.ms = 10000
	sasl.login.retry.backoff.ms = 100
	sasl.mechanism = GSSAPI
	sasl.oauthbearer.clock.skew.seconds = 30
	sasl.oauthbearer.expected.audience = null
	sasl.oauthbearer.expected.issuer = null
	sasl.oauthbearer.jwks.endpoint.refresh.ms = 3600000
	sasl.oauthbearer.jwks.endpoint.retry.backoff.max.ms = 10000
	sasl.oauthbearer.jwks.endpoint.retry.backoff.ms = 100
	sasl.oauthbearer.jwks.endpoint.url = null
	sasl.oauthbearer.scope.claim.name = scope
	sasl.oauthbearer.sub.claim.name = sub
	sasl.oauthbearer.token.endpoint.url = null
	security.protocol = PLAINTEXT
	security.providers = null
	send.buffer.bytes = 131072
	socket.connection.setup.timeout.max.ms = 30000
	socket.connection.setup.timeout.ms = 10000
	ssl.cipher.suites = null
	ssl.enabled.protocols = [TLSv1.2, TLSv1.3]
	ssl.endpoint.identification.algorithm = https
	ssl.engine.factory.class = null
	ssl.key.password = null
	ssl.keymanager.algorithm = SunX509
	ssl.keystore.certificate.chain = null
	ssl.keystore.key = null
	ssl.keystore.location = null
	ssl.keystore.password = null
	ssl.keystore.type = JKS
	ssl.protocol = TLSv1.3
	ssl.provider = null
	ssl.secure.random.implementation = null
	ssl.trustmanager.algorithm = PKIX
	ssl.truststore.certificates = null
	ssl.truststore.location = null
	ssl.truststore.password = null
	ssl.truststore.type = JKS
	transaction.timeout.ms = 60000
	transactional.id = null
	value.serializer = class io.confluent.kafka.serializers.KafkaAvroSerializer

2023-02-20 17:22:49 [main] INFO  i.c.k.s.KafkaAvroSerializerConfig - KafkaAvroSerializerConfig values: 
	auto.register.schemas = true
	avro.reflection.allow.null = false
	avro.remove.java.properties = false
	avro.use.logical.type.converters = false
	basic.auth.credentials.source = URL
	basic.auth.user.info = [hidden]
	bearer.auth.cache.expiry.buffer.seconds = 300
	bearer.auth.client.id = null
	bearer.auth.client.secret = null
	bearer.auth.credentials.source = STATIC_TOKEN
	bearer.auth.identity.pool.id = null
	bearer.auth.issuer.endpoint.url = null
	bearer.auth.logical.cluster = null
	bearer.auth.scope = null
	bearer.auth.scope.claim.name = scope
	bearer.auth.sub.claim.name = sub
	bearer.auth.token = [hidden]
	context.name.strategy = class io.confluent.kafka.serializers.context.NullContextNameStrategy
	id.compatibility.strict = true
	key.subject.name.strategy = class io.confluent.kafka.serializers.subject.TopicNameStrategy
	latest.compatibility.strict = true
	max.schemas.per.subject = 1000
	normalize.schemas = false
	proxy.host = 
	proxy.port = -1
	schema.format = null
	schema.reflection = false
	schema.registry.basic.auth.user.info = [hidden]
	schema.registry.ssl.cipher.suites = null
	schema.registry.ssl.enabled.protocols = [TLSv1.2, TLSv1.3]
	schema.registry.ssl.endpoint.identification.algorithm = https
	schema.registry.ssl.engine.factory.class = null
	schema.registry.ssl.key.password = null
	schema.registry.ssl.keymanager.algorithm = SunX509
	schema.registry.ssl.keystore.certificate.chain = null
	schema.registry.ssl.keystore.key = null
	schema.registry.ssl.keystore.location = null
	schema.registry.ssl.keystore.password = null
	schema.registry.ssl.keystore.type = JKS
	schema.registry.ssl.protocol = TLSv1.3
	schema.registry.ssl.provider = null
	schema.registry.ssl.secure.random.implementation = null
	schema.registry.ssl.trustmanager.algorithm = PKIX
	schema.registry.ssl.truststore.certificates = null
	schema.registry.ssl.truststore.location = null
	schema.registry.ssl.truststore.password = null
	schema.registry.ssl.truststore.type = JKS
	schema.registry.url = [http://localhost:8081]
	use.latest.version = false
	use.schema.id = -1
	value.subject.name.strategy = class io.confluent.kafka.serializers.subject.TopicNameStrategy

2023-02-20 17:22:49 [main] INFO  o.a.k.clients.producer.KafkaProducer - [Producer clientId=producer-1] Instantiated an idempotent producer.
2023-02-20 17:22:49 [main] INFO  o.a.kafka.common.utils.AppInfoParser - Kafka version: 3.1.2
2023-02-20 17:22:49 [main] INFO  o.a.kafka.common.utils.AppInfoParser - Kafka commitId: f8c67dc3ae0a3265
2023-02-20 17:22:49 [main] INFO  o.a.kafka.common.utils.AppInfoParser - Kafka startTimeMs: 1676931769164
2023-02-20 17:22:49 [kafka-producer-network-thread | producer-1] INFO  org.apache.kafka.clients.Metadata - [Producer clientId=producer-1] Cluster ID: Yk7TurdATWyZwPkAsbF6og
2023-02-20 17:22:49 [kafka-producer-network-thread | producer-1] INFO  o.a.k.c.p.i.TransactionManager - [Producer clientId=producer-1] ProducerId set to 1002 with epoch 0
2023-02-20 17:22:50 [main] INFO  c.m.d.t.t.k.s.l.TwitterKafkaStatusListener - Received status text #NetworkJSU: Great platform for JSU students! https://t.co/Sdj8PxijaI sending to kafka topic
2023-02-20 17:22:50 [main] INFO  c.m.d.k.p.c.s.i.TwitterKafkaProducer - Sending message {"userId": 65988406, "id": 1627795885445840898, "text": "#NetworkJSU: Great platform for JSU students! https://t.co/Sdj8PxijaI", "createdAt": 1676931756000} to topic twitter-topic
2023-02-20 17:22:50 [main] INFO  c.m.d.t.t.k.s.l.TwitterKafkaStatusListener - Received status text Clown of all time is @DanClarkSports https://t.co/HA3HDktPsi sending to kafka topic
2023-02-20 17:22:50 [main] INFO  c.m.d.k.p.c.s.i.TwitterKafkaProducer - Sending message {"userId": 1545943201558630401, "id": 1627795888658870273, "text": "Clown of all time is @DanClarkSports https://t.co/HA3HDktPsi", "createdAt": 1676931757000} to topic twitter-topic
2023-02-20 17:22:50 [main] INFO  c.m.d.t.t.k.s.l.TwitterKafkaStatusListener - Received status text Norton Owen Lillian Senior Spring Gunter #广州 #西安 https://t.co/XP0s0ouqje sending to kafka topic
2023-02-20 17:22:50 [main] INFO  c.m.d.k.p.c.s.i.TwitterKafkaProducer - Sending message {"userId": 1607559837612744704, "id": 1627795884187725824, "text": "Norton Owen Lillian Senior Spring Gunter #广州 #西安 https://t.co/XP0s0ouqje", "createdAt": 1676931756000} to topic twitter-topic
2023-02-20 17:22:50 [main] INFO  c.m.d.t.t.k.s.l.TwitterKafkaStatusListener - Received status text RT @snyyankees: "Yesterday felt kind of like the first day of school, getting a chance to be back here"

Aaron Judge talks about being back… sending to kafka topic
2023-02-20 17:22:50 [main] INFO  c.m.d.k.p.c.s.i.TwitterKafkaProducer - Sending message {"userId": 901459215084113921, "id": 1627795892848799744, "text": "RT @snyyankees: \"Yesterday felt kind of like the first day of school, getting a chance to be back here\"\n\nAaron Judge talks about being back\u2026", "createdAt": 1676931758000} to topic twitter-topic
2023-02-20 17:22:50 [main] INFO  c.m.d.t.t.k.s.l.TwitterKafkaStatusListener - Received status text Spring Paradise スプパラ 少年忍者公演 
チケットを求めております。

【日時】2/22 2/23
【枚数】1～2枚
【座席】どこでも
【金額】ご提示下さい
【取引】手渡し サイト通し

お手数ですがDMまでご連絡お願い致します。

#スプパラ求 #少年忍者求 sending to kafka topic
2023-02-20 17:22:50 [main] INFO  c.m.d.k.p.c.s.i.TwitterKafkaProducer - Sending message {"userId": 1559344819821899776, "id": 1627795893167734784, "text": "Spring Paradise スプパラ 少年忍者公演 \nチケットを求めております。\n\n【日時】2/22 2/23\n【枚数】1～2枚\n【座席】どこでも\n【金額】ご提示下さい\n【取引】手渡し サイト通し\n\nお手数ですがDMまでご連絡お願い致します。\n\n#スプパラ求 #少年忍者求", "createdAt": 1676931758000} to topic twitter-topic
2023-02-20 17:22:50 [main] INFO  c.m.d.t.t.k.s.l.TwitterKafkaStatusListener - Received status text @DrewGarrison I have this busted old pair of Air Max 90s I've been using for like 3 years now. sending to kafka topic
2023-02-20 17:22:50 [main] INFO  c.m.d.k.p.c.s.i.TwitterKafkaProducer - Sending message {"userId": 1494845225260433411, "id": 1627795893947707393, "text": "@DrewGarrison I have this busted old pair of Air Max 90s I've been using for like 3 years now.", "createdAt": 1676931758000} to topic twitter-topic
2023-02-20 17:22:50 [main] INFO  c.m.d.t.t.k.s.l.TwitterKafkaStatusListener - Received status text RT @JamesDJBrown: There was acceleration of withdrawals of Japanese firms from Russia after Toyota announced their withdrawal in Sept. Maru… sending to kafka topic
2023-02-20 17:22:50 [main] INFO  c.m.d.k.p.c.s.i.TwitterKafkaProducer - Sending message {"userId": 281125793, "id": 1627795893603930112, "text": "RT @JamesDJBrown: There was acceleration of withdrawals of Japanese firms from Russia after Toyota announced their withdrawal in Sept. Maru\u2026", "createdAt": 1676931758000} to topic twitter-topic
2023-02-20 17:22:50 [main] INFO  c.m.d.t.t.k.s.l.TwitterKafkaStatusListener - Received status text RT @Noland_Spring: BRO IM FKIN CRYING WHAT IS THIS https://t.co/XAgkulbsFI sending to kafka topic
2023-02-20 17:22:50 [main] INFO  c.m.d.k.p.c.s.i.TwitterKafkaProducer - Sending message {"userId": 1486709912688373762, "id": 1627795894128062467, "text": "RT @Noland_Spring: BRO IM FKIN CRYING WHAT IS THIS https://t.co/XAgkulbsFI", "createdAt": 1676931758000} to topic twitter-topic
2023-02-20 17:22:50 [main] INFO  c.m.d.t.t.k.s.l.TwitterKafkaStatusListener - Received status text RT @minoringo_staff: 【#鈴木みのり 3rd LIVE TOUR 2023 〜 fruitful spring 〜】
グッズラインナップ発表👕✨

事前物販の時間は下記よりご確認ください🕙
https://t.co/VJqWSBiXwj

みなさんのいろいろ… sending to kafka topic
2023-02-20 17:22:50 [main] INFO  c.m.d.k.p.c.s.i.TwitterKafkaProducer - Sending message {"userId": 1484338986718199809, "id": 1627795900298059777, "text": "RT @minoringo_staff: 【#鈴木みのり 3rd LIVE TOUR 2023 〜 fruitful spring 〜】\nグッズラインナップ発表👕✨\n\n事前物販の時間は下記よりご確認ください🕙\nhttps://t.co/VJqWSBiXwj\n\nみなさんのいろいろ\u2026", "createdAt": 1676931760000} to topic twitter-topic
2023-02-20 17:22:50 [main] INFO  c.m.d.t.t.k.s.l.TwitterKafkaStatusListener - Received status text RT @Varietyitsol: I love to fuck on the front porch🥰 it’s so peaceful! I wish it was spring though would’ve made for a much prettier backdr… sending to kafka topic
2023-02-20 17:22:50 [main] INFO  c.m.d.k.p.c.s.i.TwitterKafkaProducer - Sending message {"userId": 1500874291264503809, "id": 1627795904995504128, "text": "RT @Varietyitsol: I love to fuck on the front porch🥰 it\u2019s so peaceful! I wish it was spring though would\u2019ve made for a much prettier backdr\u2026", "createdAt": 1676931761000} to topic twitter-topic
2023-02-20 17:22:50 [main] INFO  c.m.d.t.t.k.s.l.TwitterKafkaStatusListener - Received status text @MichelleSichak This…looks like a tank top you would see on the beach during spring break 🤮 sending to kafka topic
2023-02-20 17:22:50 [main] INFO  c.m.d.k.p.c.s.i.TwitterKafkaProducer - Sending message {"userId": 1443027090404696064, "id": 1627795910263537665, "text": "@MichelleSichak This\u2026looks like a tank top you would see on the beach during spring break 🤮", "createdAt": 1676931762000} to topic twitter-topic
2023-02-20 17:22:50 [main] INFO  c.m.d.t.t.k.s.l.TwitterKafkaStatusListener - Received status text RT @ColeVandy_2025: Had a good weekend at a Vero Beach tournament. 16U team lost in semi’s in a 18U bracket. I went 4/7 (.571) with a tripl… sending to kafka topic
2023-02-20 17:22:50 [main] INFO  c.m.d.k.p.c.s.i.TwitterKafkaProducer - Sending message {"userId": 1543705768574259207, "id": 1627795909957365760, "text": "RT @ColeVandy_2025: Had a good weekend at a Vero Beach tournament. 16U team lost in semi\u2019s in a 18U bracket. I went 4/7 (.571) with a tripl\u2026", "createdAt": 1676931762000} to topic twitter-topic
2023-02-20 17:22:50 [main] INFO  c.m.d.t.t.k.s.l.TwitterKafkaStatusListener - Received status text RT @SportsRadio610: #Astros Lance McCullers Jr. is dealing with a 'sore elbow' early in spring training.. Dusty has given an update.

Hear… sending to kafka topic
2023-02-20 17:22:50 [main] INFO  c.m.d.k.p.c.s.i.TwitterKafkaProducer - Sending message {"userId": 497372475, "id": 1627795908434751488, "text": "RT @SportsRadio610: #Astros Lance McCullers Jr. is dealing with a 'sore elbow' early in spring training.. Dusty has given an update.\n\nHear\u2026", "createdAt": 1676931762000} to topic twitter-topic
2023-02-20 17:22:50 [main] INFO  c.m.d.t.t.k.s.l.TwitterKafkaStatusListener - Received status text RT @wildflowerdaysi: Alexander McQueen Spring/Summer 1998 https://t.co/VoJpBuhU3X sending to kafka topic
2023-02-20 17:22:50 [main] INFO  c.m.d.k.p.c.s.i.TwitterKafkaProducer - Sending message {"userId": 1489428869069344769, "id": 1627795909072367617, "text": "RT @wildflowerdaysi: Alexander McQueen Spring/Summer 1998 https://t.co/VoJpBuhU3X", "createdAt": 1676931762000} to topic twitter-topic
2023-02-20 17:22:54 [main] INFO  c.m.d.t.t.k.s.l.TwitterKafkaStatusListener - Received status text @trapshoujobitch I just started listening to them again yesterday we are the same sending to kafka topic
2023-02-20 17:22:54 [main] INFO  c.m.d.k.p.c.s.i.TwitterKafkaProducer - Sending message {"userId": 835098543182393344, "id": 1627795910255312896, "text": "@trapshoujobitch I just started listening to them again yesterday we are the same", "createdAt": 1676931762000} to topic twitter-topic
2023-02-20 17:22:54 [main] INFO  c.m.d.t.t.k.s.l.TwitterKafkaStatusListener - Received status text Waiting for Spring … https://t.co/OB5PqiaTiQ sending to kafka topic
2023-02-20 17:22:54 [main] INFO  c.m.d.k.p.c.s.i.TwitterKafkaProducer - Sending message {"userId": 399068797, "id": 1627795911454621696, "text": "Waiting for Spring \u2026 https://t.co/OB5PqiaTiQ", "createdAt": 1676931762000} to topic twitter-topic
2023-02-20 17:22:54 [main] INFO  c.m.d.t.t.k.s.l.TwitterKafkaStatusListener - Received status text @BrooklynCaddell Literally tooth brush and baseboard me. This house is about to get a whole new life 😂 sending to kafka topic
2023-02-20 17:22:54 [main] INFO  c.m.d.k.p.c.s.i.TwitterKafkaProducer - Sending message {"userId": 926784746, "id": 1627795911567876098, "text": "@BrooklynCaddell Literally tooth brush and baseboard me. This house is about to get a whole new life 😂", "createdAt": 1676931762000} to topic twitter-topic
2023-02-20 17:22:54 [main] INFO  c.m.d.t.t.k.s.l.TwitterKafkaStatusListener - Received status text RT @KaptainKwack: @spike_abbott @Tidal_Thames95 @ThamesPathNT In Twickenham you can paddle on the towpath and riverside parks on the highes… sending to kafka topic
2023-02-20 17:22:54 [main] INFO  c.m.d.k.p.c.s.i.TwitterKafkaProducer - Sending message {"userId": 4901445233, "id": 1627795913207910401, "text": "RT @KaptainKwack: @spike_abbott @Tidal_Thames95 @ThamesPathNT In Twickenham you can paddle on the towpath and riverside parks on the highes\u2026", "createdAt": 1676931763000} to topic twitter-topic
2023-02-20 17:22:54 [main] INFO  c.m.d.t.t.k.s.l.TwitterKafkaStatusListener - Received status text RT @MorrisBrightMBE: Remembering Bernard Cribbins - accomplished television AND film actor. And radio. And stage.  If anyone deserved a few… sending to kafka topic
2023-02-20 17:22:54 [main] INFO  c.m.d.k.p.c.s.i.TwitterKafkaProducer - Sending message {"userId": 1622220257162133507, "id": 1627795912272539649, "text": "RT @MorrisBrightMBE: Remembering Bernard Cribbins - accomplished television AND film actor. And radio. And stage.  If anyone deserved a few\u2026", "createdAt": 1676931763000} to topic twitter-topic
2023-02-20 17:22:54 [main] INFO  c.m.d.t.t.k.s.l.TwitterKafkaStatusListener - Received status text @reddingkicker @BSUPimp @T_Rausa ✊ sending to kafka topic
2023-02-20 17:22:54 [main] INFO  c.m.d.k.p.c.s.i.TwitterKafkaProducer - Sending message {"userId": 152896663, "id": 1627795915913281536, "text": "@reddingkicker @BSUPimp @T_Rausa ✊", "createdAt": 1676931763000} to topic twitter-topic
2023-02-20 17:22:54 [main] INFO  c.m.d.t.t.k.s.l.TwitterKafkaStatusListener - Received status text @AvonandsomerRob Pots and kettles spring to mind….. sending to kafka topic
2023-02-20 17:22:54 [main] INFO  c.m.d.k.p.c.s.i.TwitterKafkaProducer - Sending message {"userId": 1151930894518759424, "id": 1627795919373496320, "text": "@AvonandsomerRob Pots and kettles spring to mind\u2026..", "createdAt": 1676931764000} to topic twitter-topic
2023-02-20 17:22:54 [main] INFO  c.m.d.t.t.k.s.l.TwitterKafkaStatusListener - Received status text @BackupHangman ended far too soon man. also while going back and rewatching I remembered that Tajiri was actually the first one to introduce Eddie to the lowriders sending to kafka topic
2023-02-20 17:22:54 [main] INFO  c.m.d.k.p.c.s.i.TwitterKafkaProducer - Sending message {"userId": 253104436, "id": 1627795919230980096, "text": "@BackupHangman ended far too soon man. also while going back and rewatching I remembered that Tajiri was actually the first one to introduce Eddie to the lowriders", "createdAt": 1676931764000} to topic twitter-topic
2023-02-20 17:22:54 [main] INFO  c.m.d.t.t.k.s.l.TwitterKafkaStatusListener - Received status text RT @dailyhyunwook: 1993 Studio's Spring Collection with Choi Hyunwook 

#choihyunwook #최현욱 https://t.co/TY1qQW5ZpW sending to kafka topic
2023-02-20 17:22:54 [main] INFO  c.m.d.k.p.c.s.i.TwitterKafkaProducer - Sending message {"userId": 1609958316624740354, "id": 1627795919264714752, "text": "RT @dailyhyunwook: 1993 Studio's Spring Collection with Choi Hyunwook \n\n#choihyunwook #최현욱 https://t.co/TY1qQW5ZpW", "createdAt": 1676931764000} to topic twitter-topic
2023-02-20 17:22:54 [main] INFO  c.m.d.t.t.k.s.l.TwitterKafkaStatusListener - Received status text Not much bigger than just a spring and autumn 4sdkhdf898 
#粉嫩 #粉穴 #纹身 https://t.co/7XoIeTL2bD sending to kafka topic
2023-02-20 17:22:54 [main] INFO  c.m.d.k.p.c.s.i.TwitterKafkaProducer - Sending message {"userId": 3311093981, "id": 1627795925338058753, "text": "Not much bigger than just a spring and autumn 4sdkhdf898 \n#粉嫩 #粉穴 #纹身 https://t.co/7XoIeTL2bD", "createdAt": 1676931766000} to topic twitter-topic
2023-02-20 17:22:54 [main] INFO  c.m.d.t.t.k.s.l.TwitterKafkaStatusListener - Received status text Prefect for Spring and SVT Comeback https://t.co/T7zsPgrmsW sending to kafka topic
2023-02-20 17:22:54 [main] INFO  c.m.d.k.p.c.s.i.TwitterKafkaProducer - Sending message {"userId": 2909908113, "id": 1627795928579993600, "text": "Prefect for Spring and SVT Comeback https://t.co/T7zsPgrmsW", "createdAt": 1676931767000} to topic twitter-topic
2023-02-20 17:22:54 [main] INFO  c.m.d.t.t.k.s.l.TwitterKafkaStatusListener - Received status text https://t.co/GJiSSXa04L sending to kafka topic
2023-02-20 17:22:54 [main] INFO  c.m.d.k.p.c.s.i.TwitterKafkaProducer - Sending message {"userId": 844928834399092737, "id": 1627684584019349504, "text": "https://t.co/GJiSSXa04L", "createdAt": 1676905220000} to topic twitter-topic
2023-02-20 17:22:54 [main] INFO  c.m.d.t.t.k.s.l.TwitterKafkaStatusListener - Received status text Daylight saving time 2023: U.S. Senate OK'd Sunshine Protection Act, but Florida will still 'spring forward,' for now https://t.co/lXU96v4CiR sending to kafka topic
2023-02-20 17:22:54 [main] INFO  c.m.d.k.p.c.s.i.TwitterKafkaProducer - Sending message {"userId": 143225212, "id": 1627795930799022081, "text": "Daylight saving time 2023: U.S. Senate OK'd Sunshine Protection Act, but Florida will still 'spring forward,' for now https://t.co/lXU96v4CiR", "createdAt": 1676931767000} to topic twitter-topic
2023-02-20 17:22:54 [main] INFO  c.m.d.t.t.k.s.l.TwitterKafkaStatusListener - Received status text RT @SportsRadio610: #Astros Lance McCullers Jr. is dealing with a 'sore elbow' early in spring training.. Dusty has given an update.

Hear… sending to kafka topic
2023-02-20 17:22:54 [main] INFO  c.m.d.k.p.c.s.i.TwitterKafkaProducer - Sending message {"userId": 1176005307836850177, "id": 1627795928726884353, "text": "RT @SportsRadio610: #Astros Lance McCullers Jr. is dealing with a 'sore elbow' early in spring training.. Dusty has given an update.\n\nHear\u2026", "createdAt": 1676931767000} to topic twitter-topic
2023-02-20 17:22:54 [main] INFO  c.m.d.t.t.k.s.l.TwitterKafkaStatusListener - Received status text RT @PupSkysoar: Awroo! Spring is near and this puppy is sooo excited! 😋 Can't wait for camping adventures and more mischief in the woods 😉… sending to kafka topic
2023-02-20 17:22:54 [main] INFO  c.m.d.k.p.c.s.i.TwitterKafkaProducer - Sending message {"userId": 1445773473746276377, "id": 1627795933525168131, "text": "RT @PupSkysoar: Awroo! Spring is near and this puppy is sooo excited! 😋 Can't wait for camping adventures and more mischief in the woods 😉\u2026", "createdAt": 1676931768000} to topic twitter-topic
2023-02-20 17:22:54 [main] INFO  c.m.d.t.t.k.s.l.TwitterKafkaStatusListener - Received status text What is the self in front of feelings Spring Martha 20 soma 
#伊春 #阿坝 #巴中 https://t.co/RIKggbdniP sending to kafka topic
2023-02-20 17:22:54 [main] INFO  c.m.d.k.p.c.s.i.TwitterKafkaProducer - Sending message {"userId": 803393249515802624, "id": 1627795926130757632, "text": "What is the self in front of feelings Spring Martha 20 soma \n#伊春 #阿坝 #巴中 https://t.co/RIKggbdniP", "createdAt": 1676931766000} to topic twitter-topic
2023-02-20 17:22:59 [kafka-admin-client-thread | adminclient-1] INFO  o.a.kafka.common.utils.AppInfoParser - App info kafka.admin.client for adminclient-1 unregistered
2023-02-20 17:22:59 [kafka-admin-client-thread | adminclient-1] INFO  o.a.kafka.common.metrics.Metrics - Metrics scheduler closed
2023-02-20 17:22:59 [kafka-admin-client-thread | adminclient-1] INFO  o.a.kafka.common.metrics.Metrics - Closing reporter org.apache.kafka.common.metrics.JmxReporter
2023-02-20 17:22:59 [kafka-admin-client-thread | adminclient-1] INFO  o.a.kafka.common.metrics.Metrics - Metrics reporters closed
2023-02-20 17:22:59 [SpringApplicationShutdownHook] INFO  c.m.d.k.p.c.s.i.TwitterKafkaProducer - Closing kafka producer
2023-02-20 17:22:59 [SpringApplicationShutdownHook] INFO  o.a.k.clients.producer.KafkaProducer - [Producer clientId=producer-1] Closing the Kafka producer with timeoutMillis = 30000 ms.
2023-02-20 17:22:59 [SpringApplicationShutdownHook] INFO  o.a.kafka.common.metrics.Metrics - Metrics scheduler closed
2023-02-20 17:22:59 [SpringApplicationShutdownHook] INFO  o.a.kafka.common.metrics.Metrics - Closing reporter org.apache.kafka.common.metrics.JmxReporter
2023-02-20 17:22:59 [SpringApplicationShutdownHook] INFO  o.a.kafka.common.metrics.Metrics - Metrics reporters closed
2023-02-20 17:22:59 [SpringApplicationShutdownHook] INFO  o.a.kafka.common.utils.AppInfoParser - App info kafka.producer for producer-1 unregistered
